<?xml version="1.0" encoding="UTF-8"?>
<testsuite xmlns:xsi="http://www.w3.org/2001/XMLSchema-instance" xsi:noNamespaceSchemaLocation="https://maven.apache.org/surefire/maven-surefire-plugin/xsd/surefire-test-report-3.0.xsd" version="3.0" name="TestSuite" time="293.283" tests="12" errors="0" skipped="0" failures="0">
  <properties>
    <property name="java.specification.version" value="21"/>
    <property name="sun.jnu.encoding" value="UTF-8"/>
    <property name="java.class.path" value="/home/victorcristea/Documents/AutomationCRM/crmAuto/target/test-classes:/home/victorcristea/Documents/AutomationCRM/crmAuto/target/classes:/home/victorcristea/.m2/repository/junit/junit/3.8.1/junit-3.8.1.jar:/home/victorcristea/.m2/repository/io/github/bonigarcia/webdrivermanager/5.8.0/webdrivermanager-5.8.0.jar:/home/victorcristea/.m2/repository/org/slf4j/slf4j-api/2.0.12/slf4j-api-2.0.12.jar:/home/victorcristea/.m2/repository/com/google/code/gson/gson/2.10.1/gson-2.10.1.jar:/home/victorcristea/.m2/repository/com/github/docker-java/docker-java/3.3.6/docker-java-3.3.6.jar:/home/victorcristea/.m2/repository/com/github/docker-java/docker-java-core/3.3.6/docker-java-core-3.3.6.jar:/home/victorcristea/.m2/repository/com/github/docker-java/docker-java-api/3.3.6/docker-java-api-3.3.6.jar:/home/victorcristea/.m2/repository/com/fasterxml/jackson/core/jackson-annotations/2.10.3/jackson-annotations-2.10.3.jar:/home/victorcristea/.m2/repository/com/fasterxml/jackson/core/jackson-databind/2.10.3/jackson-databind-2.10.3.jar:/home/victorcristea/.m2/repository/com/fasterxml/jackson/core/jackson-core/2.10.3/jackson-core-2.10.3.jar:/home/victorcristea/.m2/repository/org/bouncycastle/bcpkix-jdk18on/1.76/bcpkix-jdk18on-1.76.jar:/home/victorcristea/.m2/repository/org/bouncycastle/bcprov-jdk18on/1.76/bcprov-jdk18on-1.76.jar:/home/victorcristea/.m2/repository/org/bouncycastle/bcutil-jdk18on/1.76/bcutil-jdk18on-1.76.jar:/home/victorcristea/.m2/repository/org/slf4j/jcl-over-slf4j/1.7.30/jcl-over-slf4j-1.7.30.jar:/home/victorcristea/.m2/repository/com/github/docker-java/docker-java-transport-httpclient5/3.3.6/docker-java-transport-httpclient5-3.3.6.jar:/home/victorcristea/.m2/repository/com/github/docker-java/docker-java-transport/3.3.6/docker-java-transport-3.3.6.jar:/home/victorcristea/.m2/repository/net/java/dev/jna/jna/5.13.0/jna-5.13.0.jar:/home/victorcristea/.m2/repository/org/brotli/dec/0.1.2/dec-0.1.2.jar:/home/victorcristea/.m2/repository/org/apache/commons/commons-lang3/3.14.0/commons-lang3-3.14.0.jar:/home/victorcristea/.m2/repository/org/apache/commons/commons-compress/1.26.1/commons-compress-1.26.1.jar:/home/victorcristea/.m2/repository/commons-codec/commons-codec/1.16.1/commons-codec-1.16.1.jar:/home/victorcristea/.m2/repository/org/apache/httpcomponents/client5/httpclient5/5.2.1/httpclient5-5.2.1.jar:/home/victorcristea/.m2/repository/org/apache/httpcomponents/core5/httpcore5/5.2/httpcore5-5.2.jar:/home/victorcristea/.m2/repository/org/apache/httpcomponents/core5/httpcore5-h2/5.2/httpcore5-h2-5.2.jar:/home/victorcristea/.m2/repository/org/seleniumhq/selenium/selenium-java/4.23.1/selenium-java-4.23.1.jar:/home/victorcristea/.m2/repository/org/seleniumhq/selenium/selenium-api/4.23.1/selenium-api-4.23.1.jar:/home/victorcristea/.m2/repository/org/seleniumhq/selenium/selenium-chrome-driver/4.23.1/selenium-chrome-driver-4.23.1.jar:/home/victorcristea/.m2/repository/com/google/auto/service/auto-service-annotations/1.1.1/auto-service-annotations-1.1.1.jar:/home/victorcristea/.m2/repository/org/seleniumhq/selenium/selenium-chromium-driver/4.23.1/selenium-chromium-driver-4.23.1.jar:/home/victorcristea/.m2/repository/org/seleniumhq/selenium/selenium-json/4.23.1/selenium-json-4.23.1.jar:/home/victorcristea/.m2/repository/org/seleniumhq/selenium/selenium-manager/4.23.1/selenium-manager-4.23.1.jar:/home/victorcristea/.m2/repository/org/seleniumhq/selenium/selenium-devtools-v125/4.23.1/selenium-devtools-v125-4.23.1.jar:/home/victorcristea/.m2/repository/org/seleniumhq/selenium/selenium-devtools-v126/4.23.1/selenium-devtools-v126-4.23.1.jar:/home/victorcristea/.m2/repository/org/seleniumhq/selenium/selenium-devtools-v127/4.23.1/selenium-devtools-v127-4.23.1.jar:/home/victorcristea/.m2/repository/org/seleniumhq/selenium/selenium-devtools-v85/4.23.1/selenium-devtools-v85-4.23.1.jar:/home/victorcristea/.m2/repository/org/seleniumhq/selenium/selenium-edge-driver/4.23.1/selenium-edge-driver-4.23.1.jar:/home/victorcristea/.m2/repository/org/seleniumhq/selenium/selenium-firefox-driver/4.23.1/selenium-firefox-driver-4.23.1.jar:/home/victorcristea/.m2/repository/org/seleniumhq/selenium/selenium-http/4.23.1/selenium-http-4.23.1.jar:/home/victorcristea/.m2/repository/dev/failsafe/failsafe/3.3.2/failsafe-3.3.2.jar:/home/victorcristea/.m2/repository/org/seleniumhq/selenium/selenium-ie-driver/4.23.1/selenium-ie-driver-4.23.1.jar:/home/victorcristea/.m2/repository/org/seleniumhq/selenium/selenium-remote-driver/4.23.1/selenium-remote-driver-4.23.1.jar:/home/victorcristea/.m2/repository/com/google/guava/guava/33.2.1-jre/guava-33.2.1-jre.jar:/home/victorcristea/.m2/repository/com/google/guava/failureaccess/1.0.2/failureaccess-1.0.2.jar:/home/victorcristea/.m2/repository/com/google/guava/listenablefuture/9999.0-empty-to-avoid-conflict-with-guava/listenablefuture-9999.0-empty-to-avoid-conflict-with-guava.jar:/home/victorcristea/.m2/repository/org/checkerframework/checker-qual/3.42.0/checker-qual-3.42.0.jar:/home/victorcristea/.m2/repository/com/google/errorprone/error_prone_annotations/2.26.1/error_prone_annotations-2.26.1.jar:/home/victorcristea/.m2/repository/com/google/j2objc/j2objc-annotations/3.0.0/j2objc-annotations-3.0.0.jar:/home/victorcristea/.m2/repository/io/opentelemetry/semconv/opentelemetry-semconv/1.25.0-alpha/opentelemetry-semconv-1.25.0-alpha.jar:/home/victorcristea/.m2/repository/io/opentelemetry/opentelemetry-api/1.40.0/opentelemetry-api-1.40.0.jar:/home/victorcristea/.m2/repository/io/opentelemetry/opentelemetry-context/1.40.0/opentelemetry-context-1.40.0.jar:/home/victorcristea/.m2/repository/io/opentelemetry/opentelemetry-exporter-logging/1.40.0/opentelemetry-exporter-logging-1.40.0.jar:/home/victorcristea/.m2/repository/io/opentelemetry/opentelemetry-sdk-common/1.40.0/opentelemetry-sdk-common-1.40.0.jar:/home/victorcristea/.m2/repository/io/opentelemetry/opentelemetry-sdk-extension-autoconfigure-spi/1.40.0/opentelemetry-sdk-extension-autoconfigure-spi-1.40.0.jar:/home/victorcristea/.m2/repository/io/opentelemetry/opentelemetry-sdk-extension-autoconfigure/1.40.0/opentelemetry-sdk-extension-autoconfigure-1.40.0.jar:/home/victorcristea/.m2/repository/io/opentelemetry/opentelemetry-api-incubator/1.40.0-alpha/opentelemetry-api-incubator-1.40.0-alpha.jar:/home/victorcristea/.m2/repository/io/opentelemetry/opentelemetry-sdk-trace/1.40.0/opentelemetry-sdk-trace-1.40.0.jar:/home/victorcristea/.m2/repository/io/opentelemetry/opentelemetry-sdk/1.40.0/opentelemetry-sdk-1.40.0.jar:/home/victorcristea/.m2/repository/io/opentelemetry/opentelemetry-sdk-metrics/1.40.0/opentelemetry-sdk-metrics-1.40.0.jar:/home/victorcristea/.m2/repository/io/opentelemetry/opentelemetry-sdk-logs/1.40.0/opentelemetry-sdk-logs-1.40.0.jar:/home/victorcristea/.m2/repository/net/bytebuddy/byte-buddy/1.14.18/byte-buddy-1.14.18.jar:/home/victorcristea/.m2/repository/org/seleniumhq/selenium/selenium-os/4.23.1/selenium-os-4.23.1.jar:/home/victorcristea/.m2/repository/org/apache/commons/commons-exec/1.4.0/commons-exec-1.4.0.jar:/home/victorcristea/.m2/repository/org/seleniumhq/selenium/selenium-safari-driver/4.23.1/selenium-safari-driver-4.23.1.jar:/home/victorcristea/.m2/repository/org/seleniumhq/selenium/selenium-support/4.23.1/selenium-support-4.23.1.jar:/home/victorcristea/.m2/repository/org/testng/reportng/1.2.2/reportng-1.2.2.jar:/home/victorcristea/.m2/repository/org/freemarker/freemarker/2.3.28/freemarker-2.3.28.jar:/home/victorcristea/.m2/repository/com/google/inject/guice/4.2.0/guice-4.2.0.jar:/home/victorcristea/.m2/repository/javax/inject/javax.inject/1/javax.inject-1.jar:/home/victorcristea/.m2/repository/aopalliance/aopalliance/1.0/aopalliance-1.0.jar:/home/victorcristea/.m2/repository/org/testng/testng/7.5.1/testng-7.5.1.jar:/home/victorcristea/.m2/repository/com/google/code/findbugs/jsr305/3.0.1/jsr305-3.0.1.jar:/home/victorcristea/.m2/repository/com/beust/jcommander/1.78/jcommander-1.78.jar:/home/victorcristea/.m2/repository/org/webjars/jquery/3.5.1/jquery-3.5.1.jar:/home/victorcristea/.m2/repository/org/apache/poi/poi-ooxml/5.2.5/poi-ooxml-5.2.5.jar:/home/victorcristea/.m2/repository/org/apache/poi/poi/5.2.5/poi-5.2.5.jar:/home/victorcristea/.m2/repository/org/apache/commons/commons-math3/3.6.1/commons-math3-3.6.1.jar:/home/victorcristea/.m2/repository/com/zaxxer/SparseBitSet/1.3/SparseBitSet-1.3.jar:/home/victorcristea/.m2/repository/org/apache/poi/poi-ooxml-lite/5.2.5/poi-ooxml-lite-5.2.5.jar:/home/victorcristea/.m2/repository/commons-io/commons-io/2.15.0/commons-io-2.15.0.jar:/home/victorcristea/.m2/repository/com/github/virtuald/curvesapi/1.08/curvesapi-1.08.jar:/home/victorcristea/.m2/repository/org/apache/logging/log4j/log4j-api/2.21.1/log4j-api-2.21.1.jar:/home/victorcristea/.m2/repository/org/apache/poi/poi-ooxml-schemas/4.1.2/poi-ooxml-schemas-4.1.2.jar:/home/victorcristea/.m2/repository/org/apache/xmlbeans/xmlbeans/5.1.1/xmlbeans-5.1.1.jar:/home/victorcristea/.m2/repository/org/apache/commons/commons-collections4/4.4/commons-collections4-4.4.jar:"/>
    <property name="java.vm.vendor" value="Ubuntu"/>
    <property name="sun.arch.data.model" value="64"/>
    <property name="java.vendor.url" value="https://ubuntu.com/"/>
    <property name="user.timezone" value="Europe/Chisinau"/>
    <property name="os.name" value="Linux"/>
    <property name="java.vm.specification.version" value="21"/>
    <property name="sun.java.launcher" value="SUN_STANDARD"/>
    <property name="user.country" value="US"/>
    <property name="sun.boot.library.path" value="/usr/lib/jvm/java-21-openjdk-amd64/lib"/>
    <property name="sun.java.command" value="/home/victorcristea/Documents/AutomationCRM/crmAuto/target/surefire/surefirebooter-20250210104501007_3.jar /home/victorcristea/Documents/AutomationCRM/crmAuto/target/surefire 2025-02-10T10-45-00_945-jvmRun1 surefire-20250210104501007_1tmp surefire_0-20250210104501007_2tmp"/>
    <property name="jdk.debug" value="release"/>
    <property name="surefire.test.class.path" value="/home/victorcristea/Documents/AutomationCRM/crmAuto/target/test-classes:/home/victorcristea/Documents/AutomationCRM/crmAuto/target/classes:/home/victorcristea/.m2/repository/junit/junit/3.8.1/junit-3.8.1.jar:/home/victorcristea/.m2/repository/io/github/bonigarcia/webdrivermanager/5.8.0/webdrivermanager-5.8.0.jar:/home/victorcristea/.m2/repository/org/slf4j/slf4j-api/2.0.12/slf4j-api-2.0.12.jar:/home/victorcristea/.m2/repository/com/google/code/gson/gson/2.10.1/gson-2.10.1.jar:/home/victorcristea/.m2/repository/com/github/docker-java/docker-java/3.3.6/docker-java-3.3.6.jar:/home/victorcristea/.m2/repository/com/github/docker-java/docker-java-core/3.3.6/docker-java-core-3.3.6.jar:/home/victorcristea/.m2/repository/com/github/docker-java/docker-java-api/3.3.6/docker-java-api-3.3.6.jar:/home/victorcristea/.m2/repository/com/fasterxml/jackson/core/jackson-annotations/2.10.3/jackson-annotations-2.10.3.jar:/home/victorcristea/.m2/repository/com/fasterxml/jackson/core/jackson-databind/2.10.3/jackson-databind-2.10.3.jar:/home/victorcristea/.m2/repository/com/fasterxml/jackson/core/jackson-core/2.10.3/jackson-core-2.10.3.jar:/home/victorcristea/.m2/repository/org/bouncycastle/bcpkix-jdk18on/1.76/bcpkix-jdk18on-1.76.jar:/home/victorcristea/.m2/repository/org/bouncycastle/bcprov-jdk18on/1.76/bcprov-jdk18on-1.76.jar:/home/victorcristea/.m2/repository/org/bouncycastle/bcutil-jdk18on/1.76/bcutil-jdk18on-1.76.jar:/home/victorcristea/.m2/repository/org/slf4j/jcl-over-slf4j/1.7.30/jcl-over-slf4j-1.7.30.jar:/home/victorcristea/.m2/repository/com/github/docker-java/docker-java-transport-httpclient5/3.3.6/docker-java-transport-httpclient5-3.3.6.jar:/home/victorcristea/.m2/repository/com/github/docker-java/docker-java-transport/3.3.6/docker-java-transport-3.3.6.jar:/home/victorcristea/.m2/repository/net/java/dev/jna/jna/5.13.0/jna-5.13.0.jar:/home/victorcristea/.m2/repository/org/brotli/dec/0.1.2/dec-0.1.2.jar:/home/victorcristea/.m2/repository/org/apache/commons/commons-lang3/3.14.0/commons-lang3-3.14.0.jar:/home/victorcristea/.m2/repository/org/apache/commons/commons-compress/1.26.1/commons-compress-1.26.1.jar:/home/victorcristea/.m2/repository/commons-codec/commons-codec/1.16.1/commons-codec-1.16.1.jar:/home/victorcristea/.m2/repository/org/apache/httpcomponents/client5/httpclient5/5.2.1/httpclient5-5.2.1.jar:/home/victorcristea/.m2/repository/org/apache/httpcomponents/core5/httpcore5/5.2/httpcore5-5.2.jar:/home/victorcristea/.m2/repository/org/apache/httpcomponents/core5/httpcore5-h2/5.2/httpcore5-h2-5.2.jar:/home/victorcristea/.m2/repository/org/seleniumhq/selenium/selenium-java/4.23.1/selenium-java-4.23.1.jar:/home/victorcristea/.m2/repository/org/seleniumhq/selenium/selenium-api/4.23.1/selenium-api-4.23.1.jar:/home/victorcristea/.m2/repository/org/seleniumhq/selenium/selenium-chrome-driver/4.23.1/selenium-chrome-driver-4.23.1.jar:/home/victorcristea/.m2/repository/com/google/auto/service/auto-service-annotations/1.1.1/auto-service-annotations-1.1.1.jar:/home/victorcristea/.m2/repository/org/seleniumhq/selenium/selenium-chromium-driver/4.23.1/selenium-chromium-driver-4.23.1.jar:/home/victorcristea/.m2/repository/org/seleniumhq/selenium/selenium-json/4.23.1/selenium-json-4.23.1.jar:/home/victorcristea/.m2/repository/org/seleniumhq/selenium/selenium-manager/4.23.1/selenium-manager-4.23.1.jar:/home/victorcristea/.m2/repository/org/seleniumhq/selenium/selenium-devtools-v125/4.23.1/selenium-devtools-v125-4.23.1.jar:/home/victorcristea/.m2/repository/org/seleniumhq/selenium/selenium-devtools-v126/4.23.1/selenium-devtools-v126-4.23.1.jar:/home/victorcristea/.m2/repository/org/seleniumhq/selenium/selenium-devtools-v127/4.23.1/selenium-devtools-v127-4.23.1.jar:/home/victorcristea/.m2/repository/org/seleniumhq/selenium/selenium-devtools-v85/4.23.1/selenium-devtools-v85-4.23.1.jar:/home/victorcristea/.m2/repository/org/seleniumhq/selenium/selenium-edge-driver/4.23.1/selenium-edge-driver-4.23.1.jar:/home/victorcristea/.m2/repository/org/seleniumhq/selenium/selenium-firefox-driver/4.23.1/selenium-firefox-driver-4.23.1.jar:/home/victorcristea/.m2/repository/org/seleniumhq/selenium/selenium-http/4.23.1/selenium-http-4.23.1.jar:/home/victorcristea/.m2/repository/dev/failsafe/failsafe/3.3.2/failsafe-3.3.2.jar:/home/victorcristea/.m2/repository/org/seleniumhq/selenium/selenium-ie-driver/4.23.1/selenium-ie-driver-4.23.1.jar:/home/victorcristea/.m2/repository/org/seleniumhq/selenium/selenium-remote-driver/4.23.1/selenium-remote-driver-4.23.1.jar:/home/victorcristea/.m2/repository/com/google/guava/guava/33.2.1-jre/guava-33.2.1-jre.jar:/home/victorcristea/.m2/repository/com/google/guava/failureaccess/1.0.2/failureaccess-1.0.2.jar:/home/victorcristea/.m2/repository/com/google/guava/listenablefuture/9999.0-empty-to-avoid-conflict-with-guava/listenablefuture-9999.0-empty-to-avoid-conflict-with-guava.jar:/home/victorcristea/.m2/repository/org/checkerframework/checker-qual/3.42.0/checker-qual-3.42.0.jar:/home/victorcristea/.m2/repository/com/google/errorprone/error_prone_annotations/2.26.1/error_prone_annotations-2.26.1.jar:/home/victorcristea/.m2/repository/com/google/j2objc/j2objc-annotations/3.0.0/j2objc-annotations-3.0.0.jar:/home/victorcristea/.m2/repository/io/opentelemetry/semconv/opentelemetry-semconv/1.25.0-alpha/opentelemetry-semconv-1.25.0-alpha.jar:/home/victorcristea/.m2/repository/io/opentelemetry/opentelemetry-api/1.40.0/opentelemetry-api-1.40.0.jar:/home/victorcristea/.m2/repository/io/opentelemetry/opentelemetry-context/1.40.0/opentelemetry-context-1.40.0.jar:/home/victorcristea/.m2/repository/io/opentelemetry/opentelemetry-exporter-logging/1.40.0/opentelemetry-exporter-logging-1.40.0.jar:/home/victorcristea/.m2/repository/io/opentelemetry/opentelemetry-sdk-common/1.40.0/opentelemetry-sdk-common-1.40.0.jar:/home/victorcristea/.m2/repository/io/opentelemetry/opentelemetry-sdk-extension-autoconfigure-spi/1.40.0/opentelemetry-sdk-extension-autoconfigure-spi-1.40.0.jar:/home/victorcristea/.m2/repository/io/opentelemetry/opentelemetry-sdk-extension-autoconfigure/1.40.0/opentelemetry-sdk-extension-autoconfigure-1.40.0.jar:/home/victorcristea/.m2/repository/io/opentelemetry/opentelemetry-api-incubator/1.40.0-alpha/opentelemetry-api-incubator-1.40.0-alpha.jar:/home/victorcristea/.m2/repository/io/opentelemetry/opentelemetry-sdk-trace/1.40.0/opentelemetry-sdk-trace-1.40.0.jar:/home/victorcristea/.m2/repository/io/opentelemetry/opentelemetry-sdk/1.40.0/opentelemetry-sdk-1.40.0.jar:/home/victorcristea/.m2/repository/io/opentelemetry/opentelemetry-sdk-metrics/1.40.0/opentelemetry-sdk-metrics-1.40.0.jar:/home/victorcristea/.m2/repository/io/opentelemetry/opentelemetry-sdk-logs/1.40.0/opentelemetry-sdk-logs-1.40.0.jar:/home/victorcristea/.m2/repository/net/bytebuddy/byte-buddy/1.14.18/byte-buddy-1.14.18.jar:/home/victorcristea/.m2/repository/org/seleniumhq/selenium/selenium-os/4.23.1/selenium-os-4.23.1.jar:/home/victorcristea/.m2/repository/org/apache/commons/commons-exec/1.4.0/commons-exec-1.4.0.jar:/home/victorcristea/.m2/repository/org/seleniumhq/selenium/selenium-safari-driver/4.23.1/selenium-safari-driver-4.23.1.jar:/home/victorcristea/.m2/repository/org/seleniumhq/selenium/selenium-support/4.23.1/selenium-support-4.23.1.jar:/home/victorcristea/.m2/repository/org/testng/reportng/1.2.2/reportng-1.2.2.jar:/home/victorcristea/.m2/repository/org/freemarker/freemarker/2.3.28/freemarker-2.3.28.jar:/home/victorcristea/.m2/repository/com/google/inject/guice/4.2.0/guice-4.2.0.jar:/home/victorcristea/.m2/repository/javax/inject/javax.inject/1/javax.inject-1.jar:/home/victorcristea/.m2/repository/aopalliance/aopalliance/1.0/aopalliance-1.0.jar:/home/victorcristea/.m2/repository/org/testng/testng/7.5.1/testng-7.5.1.jar:/home/victorcristea/.m2/repository/com/google/code/findbugs/jsr305/3.0.1/jsr305-3.0.1.jar:/home/victorcristea/.m2/repository/com/beust/jcommander/1.78/jcommander-1.78.jar:/home/victorcristea/.m2/repository/org/webjars/jquery/3.5.1/jquery-3.5.1.jar:/home/victorcristea/.m2/repository/org/apache/poi/poi-ooxml/5.2.5/poi-ooxml-5.2.5.jar:/home/victorcristea/.m2/repository/org/apache/poi/poi/5.2.5/poi-5.2.5.jar:/home/victorcristea/.m2/repository/org/apache/commons/commons-math3/3.6.1/commons-math3-3.6.1.jar:/home/victorcristea/.m2/repository/com/zaxxer/SparseBitSet/1.3/SparseBitSet-1.3.jar:/home/victorcristea/.m2/repository/org/apache/poi/poi-ooxml-lite/5.2.5/poi-ooxml-lite-5.2.5.jar:/home/victorcristea/.m2/repository/commons-io/commons-io/2.15.0/commons-io-2.15.0.jar:/home/victorcristea/.m2/repository/com/github/virtuald/curvesapi/1.08/curvesapi-1.08.jar:/home/victorcristea/.m2/repository/org/apache/logging/log4j/log4j-api/2.21.1/log4j-api-2.21.1.jar:/home/victorcristea/.m2/repository/org/apache/poi/poi-ooxml-schemas/4.1.2/poi-ooxml-schemas-4.1.2.jar:/home/victorcristea/.m2/repository/org/apache/xmlbeans/xmlbeans/5.1.1/xmlbeans-5.1.1.jar:/home/victorcristea/.m2/repository/org/apache/commons/commons-collections4/4.4/commons-collections4-4.4.jar:"/>
    <property name="sun.cpu.endian" value="little"/>
    <property name="user.home" value="/home/victorcristea"/>
    <property name="user.language" value="en"/>
    <property name="java.specification.vendor" value="Oracle Corporation"/>
    <property name="java.version.date" value="2025-01-21"/>
    <property name="java.home" value="/usr/lib/jvm/java-21-openjdk-amd64"/>
    <property name="file.separator" value="/"/>
    <property name="basedir" value="/home/victorcristea/Documents/AutomationCRM/crmAuto"/>
    <property name="java.vm.compressedOopsMode" value="Zero based"/>
    <property name="line.separator" value="&#10;"/>
    <property name="java.specification.name" value="Java Platform API Specification"/>
    <property name="java.vm.specification.vendor" value="Oracle Corporation"/>
    <property name="surefire.real.class.path" value="/home/victorcristea/Documents/AutomationCRM/crmAuto/target/surefire/surefirebooter-20250210104501007_3.jar"/>
    <property name="sun.management.compiler" value="HotSpot 64-Bit Tiered Compilers"/>
    <property name="java.runtime.version" value="21.0.6+7-Ubuntu-122.04.1"/>
    <property name="user.name" value="victorcristea"/>
    <property name="stdout.encoding" value="UTF-8"/>
    <property name="path.separator" value=":"/>
    <property name="os.version" value="6.9.3-76060903-generic"/>
    <property name="java.runtime.name" value="OpenJDK Runtime Environment"/>
    <property name="file.encoding" value="UTF-8"/>
    <property name="java.vm.name" value="OpenJDK 64-Bit Server VM"/>
    <property name="localRepository" value="/home/victorcristea/.m2/repository"/>
    <property name="java.vendor.url.bug" value="https://bugs.launchpad.net/ubuntu/+source/openjdk-21"/>
    <property name="java.io.tmpdir" value="/tmp"/>
    <property name="java.version" value="21.0.6"/>
    <property name="user.dir" value="/home/victorcristea/Documents/AutomationCRM/crmAuto"/>
    <property name="os.arch" value="amd64"/>
    <property name="java.vm.specification.name" value="Java Virtual Machine Specification"/>
    <property name="native.encoding" value="UTF-8"/>
    <property name="java.library.path" value="/usr/java/packages/lib:/usr/lib/x86_64-linux-gnu/jni:/lib/x86_64-linux-gnu:/usr/lib/x86_64-linux-gnu:/usr/lib/jni:/lib:/usr/lib"/>
    <property name="java.vm.info" value="mixed mode, sharing"/>
    <property name="stderr.encoding" value="UTF-8"/>
    <property name="java.vendor" value="Ubuntu"/>
    <property name="java.vm.version" value="21.0.6+7-Ubuntu-122.04.1"/>
    <property name="sun.io.unicode.encoding" value="UnicodeLittle"/>
    <property name="java.class.version" value="65.0"/>
  </properties>
  <testcase name="signIn[victor.cristea@vebo.io, j8L3pc5hJ20Sjn10Lp!](1)" classname="com.crm.GoogleAccounts.CreateAndOrderTableSettings" time="29.548">
    <system-err><![CDATA[Feb 10, 2025 10:45:01 AM org.openqa.selenium.devtools.CdpVersionFinder findNearestMatch
WARNING: Unable to find CDP implementation matching 133
Feb 10, 2025 10:45:01 AM org.openqa.selenium.chromium.ChromiumDriver lambda$new$5
WARNING: Unable to find version of CDP to use for 133.0.6943.53. You may need to include a dependency on a specific version of the CDP using something similar to `org.seleniumhq.selenium:selenium-devtools-v86:4.23.1` where the version ("v86") matches the version of the chromium-based browser you're using and the version number of the artifact is the same as Selenium's.
]]></system-err>
  </testcase>
  <testcase name="signIn[dorin.m@vebo.io, j8L3pc5hJ20Sjn10Lp!](2)" classname="com.crm.GoogleAccounts.CreateAndOrderTableSettings" time="28.854">
    <system-err><![CDATA[Feb 10, 2025 10:45:31 AM org.openqa.selenium.devtools.CdpVersionFinder findNearestMatch
WARNING: Unable to find CDP implementation matching 133
Feb 10, 2025 10:45:31 AM org.openqa.selenium.chromium.ChromiumDriver lambda$new$5
WARNING: Unable to find version of CDP to use for 133.0.6943.53. You may need to include a dependency on a specific version of the CDP using something similar to `org.seleniumhq.selenium:selenium-devtools-v86:4.23.1` where the version ("v86") matches the version of the chromium-based browser you're using and the version number of the artifact is the same as Selenium's.
]]></system-err>
  </testcase>
  <testcase name="signIn[edward.s@vebo.io, j8L3pc5hJ20Sjn10Lp!](3)" classname="com.crm.GoogleAccounts.CreateAndOrderTableSettings" time="28.64">
    <system-err><![CDATA[Feb 10, 2025 10:46:01 AM org.openqa.selenium.devtools.CdpVersionFinder findNearestMatch
WARNING: Unable to find CDP implementation matching 133
Feb 10, 2025 10:46:01 AM org.openqa.selenium.chromium.ChromiumDriver lambda$new$5
WARNING: Unable to find version of CDP to use for 133.0.6943.53. You may need to include a dependency on a specific version of the CDP using something similar to `org.seleniumhq.selenium:selenium-devtools-v86:4.23.1` where the version ("v86") matches the version of the chromium-based browser you're using and the version number of the artifact is the same as Selenium's.
]]></system-err>
  </testcase>
  <testcase name="signIn[andreic@vebo.io, j8L3pc5hJ20Sjn10Lp!](4)" classname="com.crm.GoogleAccounts.CreateAndOrderTableSettings" time="28.612">
    <system-err><![CDATA[Feb 10, 2025 10:46:30 AM org.openqa.selenium.devtools.CdpVersionFinder findNearestMatch
WARNING: Unable to find CDP implementation matching 133
Feb 10, 2025 10:46:30 AM org.openqa.selenium.chromium.ChromiumDriver lambda$new$5
WARNING: Unable to find version of CDP to use for 133.0.6943.53. You may need to include a dependency on a specific version of the CDP using something similar to `org.seleniumhq.selenium:selenium-devtools-v86:4.23.1` where the version ("v86") matches the version of the chromium-based browser you're using and the version number of the artifact is the same as Selenium's.
]]></system-err>
  </testcase>
  <testcase name="signIn[victor.cristea@vebo.io, j8L3pc5hJ20Sjn10Lp!](1)" classname="com.crm.GoogleAccounts.DownloadCSV" time="17.65">
    <system-err><![CDATA[Feb 10, 2025 10:46:59 AM org.openqa.selenium.devtools.CdpVersionFinder findNearestMatch
WARNING: Unable to find CDP implementation matching 133
Feb 10, 2025 10:46:59 AM org.openqa.selenium.chromium.ChromiumDriver lambda$new$5
WARNING: Unable to find version of CDP to use for 133.0.6943.53. You may need to include a dependency on a specific version of the CDP using something similar to `org.seleniumhq.selenium:selenium-devtools-v86:4.23.1` where the version ("v86") matches the version of the chromium-based browser you're using and the version number of the artifact is the same as Selenium's.
]]></system-err>
  </testcase>
  <testcase name="signIn[dorin.m@vebo.io, j8L3pc5hJ20Sjn10Lp!](2)" classname="com.crm.GoogleAccounts.DownloadCSV" time="17.694">
    <system-err><![CDATA[Feb 10, 2025 10:47:17 AM org.openqa.selenium.devtools.CdpVersionFinder findNearestMatch
WARNING: Unable to find CDP implementation matching 133
Feb 10, 2025 10:47:17 AM org.openqa.selenium.chromium.ChromiumDriver lambda$new$5
WARNING: Unable to find version of CDP to use for 133.0.6943.53. You may need to include a dependency on a specific version of the CDP using something similar to `org.seleniumhq.selenium:selenium-devtools-v86:4.23.1` where the version ("v86") matches the version of the chromium-based browser you're using and the version number of the artifact is the same as Selenium's.
]]></system-err>
  </testcase>
  <testcase name="signIn[edward.s@vebo.io, j8L3pc5hJ20Sjn10Lp!](3)" classname="com.crm.GoogleAccounts.DownloadCSV" time="17.612">
    <system-err><![CDATA[Feb 10, 2025 10:47:35 AM org.openqa.selenium.devtools.CdpVersionFinder findNearestMatch
WARNING: Unable to find CDP implementation matching 133
Feb 10, 2025 10:47:35 AM org.openqa.selenium.chromium.ChromiumDriver lambda$new$5
WARNING: Unable to find version of CDP to use for 133.0.6943.53. You may need to include a dependency on a specific version of the CDP using something similar to `org.seleniumhq.selenium:selenium-devtools-v86:4.23.1` where the version ("v86") matches the version of the chromium-based browser you're using and the version number of the artifact is the same as Selenium's.
]]></system-err>
  </testcase>
  <testcase name="signIn[andreic@vebo.io, j8L3pc5hJ20Sjn10Lp!](4)" classname="com.crm.GoogleAccounts.DownloadCSV" time="17.569">
    <system-err><![CDATA[Feb 10, 2025 10:47:53 AM org.openqa.selenium.devtools.CdpVersionFinder findNearestMatch
WARNING: Unable to find CDP implementation matching 133
Feb 10, 2025 10:47:53 AM org.openqa.selenium.chromium.ChromiumDriver lambda$new$5
WARNING: Unable to find version of CDP to use for 133.0.6943.53. You may need to include a dependency on a specific version of the CDP using something similar to `org.seleniumhq.selenium:selenium-devtools-v86:4.23.1` where the version ("v86") matches the version of the chromium-based browser you're using and the version number of the artifact is the same as Selenium's.
]]></system-err>
  </testcase>
  <testcase name="signIn[victor.cristea@vebo.io, j8L3pc5hJ20Sjn10Lp!](1)" classname="com.crm.GoogleAccounts.DeleteTableSettings" time="25.494">
    <system-err><![CDATA[Feb 10, 2025 10:48:11 AM org.openqa.selenium.devtools.CdpVersionFinder findNearestMatch
WARNING: Unable to find CDP implementation matching 133
Feb 10, 2025 10:48:11 AM org.openqa.selenium.chromium.ChromiumDriver lambda$new$5
WARNING: Unable to find version of CDP to use for 133.0.6943.53. You may need to include a dependency on a specific version of the CDP using something similar to `org.seleniumhq.selenium:selenium-devtools-v86:4.23.1` where the version ("v86") matches the version of the chromium-based browser you're using and the version number of the artifact is the same as Selenium's.
]]></system-err>
  </testcase>
  <testcase name="signIn[dorin.m@vebo.io, j8L3pc5hJ20Sjn10Lp!](2)" classname="com.crm.GoogleAccounts.DeleteTableSettings" time="25.556">
    <system-err><![CDATA[Feb 10, 2025 10:48:37 AM org.openqa.selenium.devtools.CdpVersionFinder findNearestMatch
WARNING: Unable to find CDP implementation matching 133
Feb 10, 2025 10:48:37 AM org.openqa.selenium.chromium.ChromiumDriver lambda$new$5
WARNING: Unable to find version of CDP to use for 133.0.6943.53. You may need to include a dependency on a specific version of the CDP using something similar to `org.seleniumhq.selenium:selenium-devtools-v86:4.23.1` where the version ("v86") matches the version of the chromium-based browser you're using and the version number of the artifact is the same as Selenium's.
]]></system-err>
  </testcase>
  <testcase name="signIn[edward.s@vebo.io, j8L3pc5hJ20Sjn10Lp!](3)" classname="com.crm.GoogleAccounts.DeleteTableSettings" time="25.276">
    <system-err><![CDATA[Feb 10, 2025 10:49:03 AM org.openqa.selenium.devtools.CdpVersionFinder findNearestMatch
WARNING: Unable to find CDP implementation matching 133
Feb 10, 2025 10:49:03 AM org.openqa.selenium.chromium.ChromiumDriver lambda$new$5
WARNING: Unable to find version of CDP to use for 133.0.6943.53. You may need to include a dependency on a specific version of the CDP using something similar to `org.seleniumhq.selenium:selenium-devtools-v86:4.23.1` where the version ("v86") matches the version of the chromium-based browser you're using and the version number of the artifact is the same as Selenium's.
]]></system-err>
  </testcase>
  <testcase name="signIn[andreic@vebo.io, j8L3pc5hJ20Sjn10Lp!](4)" classname="com.crm.GoogleAccounts.DeleteTableSettings" time="25.145">
    <system-err><![CDATA[Feb 10, 2025 10:49:29 AM org.openqa.selenium.devtools.CdpVersionFinder findNearestMatch
WARNING: Unable to find CDP implementation matching 133
Feb 10, 2025 10:49:29 AM org.openqa.selenium.chromium.ChromiumDriver lambda$new$5
WARNING: Unable to find version of CDP to use for 133.0.6943.53. You may need to include a dependency on a specific version of the CDP using something similar to `org.seleniumhq.selenium:selenium-devtools-v86:4.23.1` where the version ("v86") matches the version of the chromium-based browser you're using and the version number of the artifact is the same as Selenium's.
]]></system-err>
  </testcase>
</testsuite>