<?xml version="1.0" encoding="UTF-8"?>
<!-- Generated by org.testng.reporters.JUnitReportReporter -->
<testsuite hostname="pop-os" failures="0" tests="1" name="com.crm.GoogleAccounts.DownloadCSV" time="20.508" errors="0" timestamp="2025-02-25T12:52:03 EET" skipped="0">
  <testcase classname="com.crm.GoogleAccounts.DownloadCSV" name="signIn" time="20.508"/>
  <system-out>
    <![CDATA[Utilizator victor.cristea@vebo.io s-a logat
Debug Bar a fost ascuns
Utilizatorul a navigat cu succes la pagina - Google accounts - iCRM v.37.83
A fost descarcat cu success fiserul CSV
]]>
  </system-out>
</testsuite> <!-- com.crm.GoogleAccounts.DownloadCSV -->
