<?xml version="1.0" encoding="UTF-8"?>
<!-- Generated by org.testng.reporters.JUnitReportReporter -->
<testsuite hostname="pop-os" failures="0" tests="3" name="com.crm.BatchAccounts.CreateAndOrderTableSettings" time="86.085" errors="0" timestamp="2025-02-11T12:25:36 EET" skipped="0">
  <testcase classname="com.crm.BatchAccounts.CreateAndOrderTableSettings" name="signIn" time="28.573"/>
  <system-out>
    <![CDATA[Utilizator chriss.c@vebo.io s-a logat
Debug Bar a fost ascuns
Utilizatorul a navigat cu succes la pagina - Batch accounts - iCRM v.37.4
A fost creat cu succes noua setare cu coloanele:

Header is empty for index 
Name -> test develop
Status -> Active
Owner -> Victor Cristea
Price -> 1
Monthly Fee -> 1
Batch Type -> other
Accounts Count -> 0
Account Sources -> SuperADS]]>
  </system-out>
  <testcase classname="com.crm.BatchAccounts.CreateAndOrderTableSettings" name="signIn" time="28.923"/>
  <system-out>
    <![CDATA[Utilizator marcel.g@vebo.io s-a logat
Debug Bar a fost ascuns
Utilizatorul a navigat cu succes la pagina - Batch accounts - iCRM v.37.4
A fost creat cu succes noua setare cu coloanele:

Header is empty for index 
Name -> test develop
Status -> Active
Owner -> Victor Cristea
Price -> 1
Monthly Fee -> 1
Batch Type -> other
Accounts Count -> 0
Account Sources -> SuperADS]]>
  </system-out>
  <testcase classname="com.crm.BatchAccounts.CreateAndOrderTableSettings" name="signIn" time="28.589"/>
  <system-out>
    <![CDATA[Utilizator victor.cristea@vebo.io s-a logat
Debug Bar a fost ascuns
Utilizatorul a navigat cu succes la pagina - Batch accounts - iCRM v.37.4
A fost creat cu succes noua setare cu coloanele:

Header is empty for index 
Name -> test develop
Status -> Active
Owner -> Victor Cristea
Price -> 1
Monthly Fee -> 1
Batch Type -> other
Accounts Count -> 0
Account Sources -> SuperADS]]>
  </system-out>
</testsuite> <!-- com.crm.BatchAccounts.CreateAndOrderTableSettings -->
