<?xml version="1.0" encoding="UTF-8"?>
<!-- Generated by org.testng.reporters.JUnitReportReporter -->
<testsuite hostname="pop-os" failures="0" tests="1" name="com.crm.GoogleAccounts.UpdateGoogleAccount" time="26.460" errors="0" timestamp="2025-02-24T17:22:37 EET" skipped="0">
  <testcase classname="com.crm.GoogleAccounts.UpdateGoogleAccount" name="signIn" time="26.460"/>
  <system-out>
    <![CDATA[Utilizator victor.cristea@vebo.io s-a logat
Debug Bar a fost ascuns
S-a navigat cu succes la pagina - Google accounts - iCRM v.37.71
Header is empty for index 0

Name -> GoogleAccountUpdatedTestJava

Status -> ID Verification

Batch Name -> SuperADS

Price -> $30

Card Name -> UA-FDT-10 6934, UA-FDT-15 0904

Account Id -> 2345678901

Account Source -> FJ

First Last Name -> FirstNameTestUpdated LastNameTestUpdated

Source Delivery Date -> 2025-02-24

Login -> AutomationTestJavaUserUpdated

Password -> AutomationTestJavaPassUpdated

Proxy -> 93.89.220.67:12323:14acf158ac3e3:1955db5d81

Proxy Type -> Residential

Account RDP -> Download RDP File

Account Owner -> Dorin M

Account Domains -> spinandgo.net (-), poobest.com (-)

Domain -> spinandgo.net

MB Comments -> 1commentMB / 2commentsMB / 3commentsMB

Farmer -> -

Farmer Comments -> 1comment / 2comments / 3comments

Last Update -> 2025-02-24 17:16

Email Login -> AutomationEmail@Login

Email Password -> AutomationEmail@Password

Warming Cost -> -

Monthly Fees -> -

Revenue -> -

Profit -> -

Spend -> -

BH Spend -> -

Other Fees -> 1234

MB Delivery Date -> 2025-02-11 12:00:00

BH Date -> 2025-02-13

Ban Date -> -

Ban Reason -> -

Spend On Ban -> -

Under Review Reason -> -

Under Review Date -> -

Created At -> 2025-02-24 16:33:59

ID Verification -> 2025-02-06 12:00:00

2FA -> Copy

License -> AutomationTestLicense

GEO -> ATGU

Usage -> DISPLAY

Status Logs -> 24 February - ID Verification (Victor Cristea), 24 February - Active (Victor Cristea)

Sync From Date -> 2025-02-08

Backup Code -> 7781 2286 7437 6456 9022 9765

Campaigns Spreadsheet -> -

Age -> 0 days

Action -> 

Keyword-ul 'GoogleAccountUpdatedTestJava' a fost găsit în prima linie a tabelului.]]>
  </system-out>
</testsuite> <!-- com.crm.GoogleAccounts.UpdateGoogleAccount -->
