<?xml version="1.0" encoding="UTF-8"?>
<!-- Generated by org.testng.reporters.JUnitReportReporter -->
<testsuite hostname="pop-os" failures="0" tests="5" name="com.crm.Dashboard.TestDashboardSearch" time="25.101" errors="0" timestamp="2025-01-23T16:27:10 EET" skipped="0">
  <testcase classname="com.crm.Dashboard.TestDashboardSearch" name="signIn" time="4.777"/>
  <system-out>
    <![CDATA[Utilizator marcel.g@vebo.io - Farmer s-a logat logat
A fost localizat: Google Accounts
A fost localizat: Proxy Section
A fost localizat: Facebook Accounts
A fost localizat: Credit Cards
A fost localizat: Other Accounts
A fost localizat: RDP Section
A fost localizat: Secret Notes
A fost localizat: Batch Section
A fost localizat: Google Warming
A fost localizat: Accounts Sources
A fost localizat: Proxy Source
A fost localizat: Users
A fost localizat: System Notifications
A fost localizat: Documentation
In total sunt: 14CardDash]]>
  </system-out>
  <testcase classname="com.crm.Dashboard.TestDashboardSearch" name="signIn" time="5.466"/>
  <system-out>
    <![CDATA[Utilizator victor.cristea@vebo.io - Global Admin s-a logat logat
A fost localizat: Google Accounts
A fost localizat: Users
A fost localizat: Google Search
A fost localizat: Websites
A fost localizat: Facebook Accounts
A fost localizat: Google Display
A fost localizat: Google Warming
A fost localizat: Proxy Section
A fost localizat: DemandGen ROI
A fost localizat: Cron management
A fost localizat: ITS MR Campaigns
A fost localizat: Google RND
A fost localizat: Other Accounts
A fost localizat: NLMR Campaigns
A fost localizat: SL Campaigns
A fost localizat: Credit Cards
A fost localizat: S2BMR
A fost localizat: ITMR [Mate]
A fost localizat: System Logs
A fost localizat: DLPMR FB
A fost localizat: ATMR [7Stars]
A fost localizat: GRMR [7Stars]
A fost localizat: CHMR [7Stars]
A fost localizat: BODMR 2
A fost localizat: DEMR [Mate]
A fost localizat: Accounts Sources
A fost localizat: BODMR 1
A fost localizat: SPMR Campaigns
A fost localizat: Google UAC
A fost localizat: Generate Cloudflare Domains
A fost localizat: Secret Notes
A fost localizat: Taboola Campaigns
A fost localizat: KFB Campaigns
A fost localizat: System Notifications
A fost localizat: ST Campaigns
A fost localizat: KTBL Campaigns
A fost localizat: MR Campaigns
A fost localizat: Binom Campaigns
A fost localizat: RDP Section
A fost localizat: Website Types
A fost localizat: BODMR FB
A fost localizat: Exchange
A fost localizat: Batch Section
A fost localizat: FPMR FB
A fost localizat: BBMR
A fost localizat: Proxy Source
A fost localizat: Binom cost update logs
A fost localizat: RD Campaigns
A fost localizat: Namecheap domains
A fost localizat: BOOMR
A fost localizat: Static Text
A fost localizat: System Maintenance
A fost localizat: FPMR GL
A fost localizat: BODMR TBL
A fost localizat: Documentation
A fost localizat: FPMR TBL
A fost localizat: Namecheap accounts
A fost localizat: Cloudflare Accounts
A fost localizat: Cloudflare Domains
A fost localizat: Binom Settings
A fost localizat: Google Settings
A fost localizat: Facebook Settings
A fost localizat: Horizon Dashboard
In total sunt: 63CardDash]]>
  </system-out>
  <testcase classname="com.crm.Dashboard.TestDashboardSearch" name="signIn" time="5.029"/>
  <system-out>
    <![CDATA[Utilizator dorin.m@vebo.io - Google Mediabuyer,
Other Mediabuyer,
Warming Cost Watchers,
Google Search Manager s-a logat logat
A fost localizat: Google Accounts
A fost localizat: Google Search
A fost localizat: ITMR [Mate]
A fost localizat: ITS MR Campaigns
A fost localizat: S2BMR
A fost localizat: SPMR Campaigns
A fost localizat: Other Accounts
A fost localizat: DEMR [Mate]
A fost localizat: CHMR [7Stars]
A fost localizat: ATMR [7Stars]
A fost localizat: Google Display
A fost localizat: Google RND
A fost localizat: Google UAC
A fost localizat: NLMR Campaigns
A fost localizat: GRMR [7Stars]
A fost localizat: System Notifications
A fost localizat: Secret Notes
A fost localizat: Exchange
A fost localizat: Binom Campaigns
A fost localizat: Taboola Campaigns
A fost localizat: Documentation
A fost localizat: KFB Campaigns
A fost localizat: KTBL Campaigns
In total sunt: 23CardDash]]>
  </system-out>
  <testcase classname="com.crm.Dashboard.TestDashboardSearch" name="signIn" time="4.925"/>
  <system-out>
    <![CDATA[Utilizator andreic@vebo.io - Facebook Manager,
Other MB Manager,
Google Mediabuyer,
Warming Cost Watchers s-a logat logat
A fost localizat: Google Accounts
A fost localizat: Facebook Accounts
A fost localizat: SL Campaigns
A fost localizat: DemandGen ROI
A fost localizat: BODMR 1
A fost localizat: FPMR FB
A fost localizat: KFB Campaigns
A fost localizat: DLPMR FB
A fost localizat: BODMR 2
A fost localizat: Google Display
A fost localizat: Other Accounts
A fost localizat: BBMR
A fost localizat: BOOMR
A fost localizat: Taboola Campaigns
A fost localizat: BODMR FB
A fost localizat: ST Campaigns
A fost localizat: Google Search
A fost localizat: KTBL Campaigns
A fost localizat: FPMR TBL
A fost localizat: Google RND
A fost localizat: RD Campaigns
A fost localizat: ITS MR Campaigns
A fost localizat: MR Campaigns
A fost localizat: System Notifications
A fost localizat: FPMR GL
A fost localizat: Google UAC
A fost localizat: SPMR Campaigns
A fost localizat: Secret Notes
A fost localizat: Exchange
A fost localizat: Binom Campaigns
A fost localizat: Documentation
In total sunt: 31CardDash]]>
  </system-out>
  <testcase classname="com.crm.Dashboard.TestDashboardSearch" name="signIn" time="4.904"/>
  <system-out>
    <![CDATA[Utilizator edward.s@vebo.io - Facebook Mediabuyer,
Google Mediabuyer,
Other Mediabuyer,
Warming Cost Watchers s-a logat logat
In total sunt: 0CardDash]]>
  </system-out>
</testsuite> <!-- com.crm.Dashboard.TestDashboardSearch -->
