<?xml version="1.0" encoding="UTF-8"?>
<!-- Generated by org.testng.reporters.JUnitReportReporter -->
<testsuite hostname="pop-os" failures="0" tests="1" name="com.crm.GoogleAccounts.CreateAndOrderTableSettings" time="29.275" errors="0" timestamp="2025-01-24T11:10:52 EET" skipped="0">
  <testcase classname="com.crm.GoogleAccounts.CreateAndOrderTableSettings" name="signIn" time="29.275"/>
  <system-out>
    <![CDATA[Utilizator victor.cristea@vebo.io s-a logat
Debug Bar a fost ascuns
Utilizatorul a navigat cu succes la pagina - Google accounts - iCRM v.36.68
A fost creat cu succes noua setare cu coloanele:

Header is empty for index 
Name -> GoogleAccountUpdatedTestJava
Status -> ID Verification
Batch Name -> SuperADS
Price -> $30
Card Name -> Bryan Marshall 1440, Kate Boyce 2391
Account Id -> 2345678901
Account Source -> FJ
First Last Name -> FirstNameTestUpdated LastNameTestUpdated
Login -> AutomationTestJavaUserUpdated
Password -> AutomationTestJavaPassUpdated
Proxy -> 21.226.116.124:4444:ProxyAutoUsername:ProxyAutoPass
Proxy Type -> Residential
Account RDP -> Download RDP File
Account Owner -> Dorin M
Domain -> jogosparaamigos.com
Farmer -> -
Last Update -> 2025-01-24 11:09
Email Login -> AutomationEmail@Login
Email Password -> AutomationEmail@Password
Warming Cost -> -
Under Review Reason -> -
Monthly Fees -> -
Revenue -> -
Profit -> -
Spend -> -
BH Spend -> -
Other Fees -> 1234
MB Delivery Date -> 2025-01-18 12:00:00
BH Date -> 2025-01-07
Ban Date -> -
Ban Reason -> -
Under Review Date -> -
ID Verification -> 2025-01-12 12:00:00
2FA -> Copy
License -> AutomationTestLicense
GEO -> ATGU
Usage -> DISPLAY
Status Logs -> 24 January - ID Verification (Victor Cristea), 24 January - Active (Victor Cristea)
Campaigns Spreadsheet -> -
Age -> 0 days
Action -> ]]>
  </system-out>
</testsuite> <!-- com.crm.GoogleAccounts.CreateAndOrderTableSettings -->
