<?xml version="1.0" encoding="UTF-8"?>
<!-- Generated by org.testng.reporters.JUnitReportReporter -->
<testsuite hostname="kali" failures="0" tests="1" name="com.crm.GoogleAccounts.DownloadCSVTest" time="18.391" errors="0" timestamp="2025-04-18T09:59:23 EEST" skipped="0">
  <testcase classname="com.crm.GoogleAccounts.DownloadCSVTest" name="signIn" time="18.391"/>
  <system-out>
    <![CDATA[Debug Bar a fost ascuns]]>
  </system-out>
</testsuite> <!-- com.crm.GoogleAccounts.DownloadCSVTest -->
