<?xml version="1.0" encoding="UTF-8"?>
<!-- Generated by org.testng.reporters.JUnitReportReporter -->
<testsuite hostname="pop-os" failures="0" tests="3" name="com.crm.GoogleAccounts.DownloadCSV" time="54.203" errors="0" timestamp="2025-02-12T10:58:09 EET" skipped="0">
  <testcase classname="com.crm.GoogleAccounts.DownloadCSV" name="signIn" time="18.115"/>
  <system-out>
    <![CDATA[Utilizator victor.cristea@vebo.io s-a logat
Debug Bar a fost ascuns
Utilizatorul a navigat cu succes la pagina - Google accounts - iCRM v.37.41
A fost descarcat cu success fiserul CSV
]]>
  </system-out>
  <testcase classname="com.crm.GoogleAccounts.DownloadCSV" name="signIn" time="18.118"/>
  <system-out>
    <![CDATA[Utilizator marcel.g@vebo.io s-a logat
Debug Bar a fost ascuns
Utilizatorul a navigat cu succes la pagina - Google accounts - iCRM v.37.41
A fost descarcat cu success fiserul CSV
]]>
  </system-out>
  <testcase classname="com.crm.GoogleAccounts.DownloadCSV" name="signIn" time="17.970"/>
  <system-out>
    <![CDATA[Utilizator chriss.c@vebo.io s-a logat
Debug Bar a fost ascuns
Utilizatorul a navigat cu succes la pagina - Google accounts - iCRM v.37.41
A fost descarcat cu success fiserul CSV
]]>
  </system-out>
</testsuite> <!-- com.crm.GoogleAccounts.DownloadCSV -->
