<?xml version="1.0" encoding="UTF-8"?>
<!-- Generated by org.testng.reporters.JUnitReportReporter -->
<testsuite hostname="pop-os" failures="0" tests="1" name="com.crm.GoogleAccounts.CreateGoogleAccount" time="30.251" errors="0" timestamp="2025-02-24T17:22:37 EET" skipped="0">
  <testcase classname="com.crm.GoogleAccounts.CreateGoogleAccount" name="signIn" time="30.251"/>
  <system-out>
    <![CDATA[Utilizator victor.cristea@vebo.io s-a logat
Debug Bar a fost ascuns
Utilizatorul a navigat cu succes la pagina - Google accounts - iCRM v.37.71
Header is empty for index 0

Name -> GoogleAccountNameTestJava

Status -> Active

Batch Name -> SuperADS

Price -> $30

Card Name -> UA-FDT-15 0904

Account Id -> 1234567890

Account Source -> FJ

First Last Name -> FirstNameTest LastNameTest

Source Delivery Date -> 2025-02-24

Login -> AutomationTestJavaUser

Password -> AutomationTestJavaPass

Proxy -> 93.89.220.67:12323:14acf158ac3e3:1955db5d81

Proxy Type -> Residential

Account RDP -> Download RDP File

Account Owner -> Dorin M

Account Domains -> poobest.com (-)

Domain -> poobest.com

MB Comments -> 1commentMB / 2commentsMB / 3commentsMB

Farmer -> -

Farmer Comments -> 1comment / 2comments / 3comments

Last Update -> 2025-02-24 16:33

Email Login -> AutomationEmail@Login

Email Password -> AutomationEmail@Password

Warming Cost -> -

Monthly Fees -> -

Revenue -> -

Profit -> -

Spend -> -

BH Spend -> -

Other Fees -> 1234

MB Delivery Date -> 2025-02-20 12:00:00

BH Date -> 2025-02-26

Ban Date -> -

Ban Reason -> -

Spend On Ban -> -

Under Review Reason -> -

Under Review Date -> -

Created At -> 2025-02-24 16:33:59

ID Verification -> 2025-02-26 12:00:00

2FA -> Copy

License -> AutomationTestLicense

GEO -> ATG

Usage -> SEARCH

Status Logs -> 24 February - Active (Victor Cristea)

Sync From Date -> 2025-02-18

Backup Code -> 7781 2286 7437 6456 9022 9765 6536 1766 4432 2797 3077 2043 6864 9346 0563 6609 9405 0172 7099 1031

Campaigns Spreadsheet -> -

Age -> 0 days

Action -> 

Keyword-ul 'GoogleAccountNameTestJava' a fost găsit în prima linie a tabelului.]]>
  </system-out>
</testsuite> <!-- com.crm.GoogleAccounts.CreateGoogleAccount -->
