<?xml version="1.0" encoding="UTF-8"?>
<!-- Generated by org.testng.reporters.JUnitReportReporter -->
<testsuite hostname="pop-os" failures="0" tests="1" name="com.crm.GoogleAccounts.DeleteTableSettings" time="26.881" errors="0" timestamp="2025-01-24T11:10:52 EET" skipped="0">
  <testcase classname="com.crm.GoogleAccounts.DeleteTableSettings" name="signIn" time="26.881"/>
  <system-out>
    <![CDATA[Utilizator victor.cristea@vebo.io s-a logat
Debug Bar a fost ascuns
A fost ștearsă cu succes setarea

Header is empty for index 
Header is empty for index 
Header is empty for index 
Header is empty for index 
Header is empty for index 
Header is empty for index 
Header is empty for index 
Header is empty for index 
Header is empty for index 
Header is empty for index 
Header is empty for index 
Header is empty for index 
Header is empty for index 
Header is empty for index 
Header is empty for index 
Header is empty for index 
Header is empty for index 
Header is empty for index 
Header is empty for index 
Header is empty for index 
Header is empty for index 
Header is empty for index 
Header is empty for index 
Header is empty for index 
Warming Cost -> -
Monthly Fees -> -
Revenue -> -
Profit -> -
Spend -> -
BH Spend -> -
Other Fees -> 1234
MB Delivery Date -> 2025-01-18 12:00:00
BH Date -> 2025-01-07
Ban Date -> -
Ban Reason -> -
Under Review Reason -> -
Under Review Date -> -
Created At -> 2025-01-24 11:08:36
ID Verification -> 2025-01-12 12:00:00
2FA -> Copy
License -> AutomationTestLicense
GEO -> ATGU
Usage -> DISPLAY
Status Logs -> 24 January - ID Verification (Victor Cristea), 24 January - Active (Victor Cristea)
Sync From Date -> 2025-01-16
Backup Code -> 7781 2286 7437 6456 9022 9765
Campaigns Spreadsheet -> -
Age -> 0 days
Action -> ]]>
  </system-out>
</testsuite> <!-- com.crm.GoogleAccounts.DeleteTableSettings -->
