<?xml version="1.0" encoding="UTF-8"?>
<!-- Generated by org.testng.reporters.JUnitReportReporter -->
<testsuite hostname="pop-os" failures="0" tests="3" name="com.crm.BatchAccounts.DeleteTableSettings" time="72.566" errors="0" timestamp="2025-02-11T12:25:36 EET" skipped="0">
  <testcase classname="com.crm.BatchAccounts.DeleteTableSettings" name="signIn" time="24.472"/>
  <system-out>
    <![CDATA[Utilizator victor.cristea@vebo.io s-a logat
Debug Bar a fost ascuns
A fost ștearsă cu succes setarea

Index: 0, Text: '
Header is empty for index: 0
Index: 1, Text: '
Header is empty for index: 1
Index: 2, Text: '
Header is empty for index: 2
Index: 3, Text: '
Header is empty for index: 3
Index: 4, Text: '
Header is empty for index: 4
Index: 5, Text: '
Header is empty for index: 5
Index: 6, Text: '
Header is empty for index: 6
Index: 7, Text: '
Header is empty for index: 7
Index: 8, Text: '
Header is empty for index: 8
Index: 9, Text: '
Header is empty for index: 9
Index: 10, Text: '
Header is empty for index: 10]]>
  </system-out>
  <testcase classname="com.crm.BatchAccounts.DeleteTableSettings" name="signIn" time="23.998"/>
  <system-out>
    <![CDATA[Utilizator chriss.c@vebo.io s-a logat
Debug Bar a fost ascuns
A fost ștearsă cu succes setarea

Index: 0, Text: '
Header is empty for index: 0
Index: 1, Text: '
Header is empty for index: 1
Index: 2, Text: '
Header is empty for index: 2
Index: 3, Text: '
Header is empty for index: 3
Index: 4, Text: '
Header is empty for index: 4
Index: 5, Text: '
Header is empty for index: 5
Index: 6, Text: '
Header is empty for index: 6
Index: 7, Text: '
Header is empty for index: 7
Index: 8, Text: '
Header is empty for index: 8
Index: 9, Text: '
Header is empty for index: 9
Index: 10, Text: '
Header is empty for index: 10]]>
  </system-out>
  <testcase classname="com.crm.BatchAccounts.DeleteTableSettings" name="signIn" time="24.096"/>
  <system-out>
    <![CDATA[Utilizator marcel.g@vebo.io s-a logat
Debug Bar a fost ascuns
A fost ștearsă cu succes setarea

Index: 0, Text: '
Header is empty for index: 0
Index: 1, Text: '
Header is empty for index: 1
Index: 2, Text: '
Header is empty for index: 2
Index: 3, Text: '
Header is empty for index: 3
Index: 4, Text: '
Header is empty for index: 4
Index: 5, Text: '
Header is empty for index: 5
Index: 6, Text: '
Header is empty for index: 6
Index: 7, Text: '
Header is empty for index: 7
Index: 8, Text: '
Header is empty for index: 8
Index: 9, Text: '
Header is empty for index: 9
Index: 10, Text: '
Header is empty for index: 10]]>
  </system-out>
</testsuite> <!-- com.crm.BatchAccounts.DeleteTableSettings -->
