<?xml version="1.0" encoding="UTF-8"?>
<!-- Generated by org.testng.reporters.JUnitReportReporter -->
<testsuite hostname="pop-os" failures="0" tests="3" name="com.crm.OtherAccounts.DownloadCSV" time="53.517" errors="0" timestamp="2025-02-11T17:36:59 EET" skipped="0">
  <testcase classname="com.crm.OtherAccounts.DownloadCSV" name="signIn" time="17.813"/>
  <system-out>
    <![CDATA[Utilizator victor.cristea@vebo.io s-a logat
Debug Bar a fost ascuns
Utilizatorul a navigat cu succes la pagina - Other accounts - iCRM v.37.37
A fost descarcat cu success fiserul CSV
]]>
  </system-out>
  <testcase classname="com.crm.OtherAccounts.DownloadCSV" name="signIn" time="17.752"/>
  <system-out>
    <![CDATA[Utilizator chriss.c@vebo.io s-a logat
Debug Bar a fost ascuns
Utilizatorul a navigat cu succes la pagina - Other accounts - iCRM v.37.37
A fost descarcat cu success fiserul CSV
]]>
  </system-out>
  <testcase classname="com.crm.OtherAccounts.DownloadCSV" name="signIn" time="17.952"/>
  <system-out>
    <![CDATA[Utilizator marcel.g@vebo.io s-a logat
Debug Bar a fost ascuns
Utilizatorul a navigat cu succes la pagina - Other accounts - iCRM v.37.37
A fost descarcat cu success fiserul CSV
]]>
  </system-out>
</testsuite> <!-- com.crm.OtherAccounts.DownloadCSV -->
