<?xml version="1.0" encoding="UTF-8"?>
<!-- Generated by org.testng.reporters.JUnitReportReporter -->
<testsuite hostname="kali" failures="0" tests="1" name="com.crm.GoogleAccounts.CreateGoogleAccountTest" time="21.079" errors="0" timestamp="2025-04-17T15:12:02 EEST" skipped="0">
  <testcase classname="com.crm.GoogleAccounts.CreateGoogleAccountTest" name="signIn" time="21.079"/>
  <system-out>
    <![CDATA[Debug Bar a fost ascuns
Cont creat È™i verificat cu succes]]>
  </system-out>
</testsuite> <!-- com.crm.GoogleAccounts.CreateGoogleAccountTest -->
