<?xml version="1.0" encoding="UTF-8"?>
<!-- Generated by org.testng.reporters.JUnitReportReporter -->
<testsuite hostname="kali" failures="0" tests="1" name="com.crm.GoogleAccounts.CreateGoogleAccountTest" time="20.817" errors="0" timestamp="2025-04-18T10:01:49 EEST" skipped="0">
  <testcase classname="com.crm.GoogleAccounts.CreateGoogleAccountTest" name="signIn" time="20.817"/>
  <system-out>
    <![CDATA[Debug Bar a fost ascuns
Cont creat È™i verificat cu succes]]>
  </system-out>
</testsuite> <!-- com.crm.GoogleAccounts.CreateGoogleAccountTest -->
