<?xml version="1.0" encoding="UTF-8"?>
<!-- Generated by org.testng.reporters.JUnitReportReporter -->
<testsuite hostname="pop-os" failures="0" tests="1" name="com.crm.GoogleAccounts.CreateAndOrderTableSettings" time="29.106" errors="0" timestamp="2025-02-25T12:52:03 EET" skipped="0">
  <testcase classname="com.crm.GoogleAccounts.CreateAndOrderTableSettings" name="signIn" time="29.106"/>
  <system-out>
    <![CDATA[Utilizator victor.cristea@vebo.io s-a logat
Debug Bar a fost ascuns
Utilizatorul a navigat cu succes la pagina - Google accounts - iCRM v.37.83
A fost creat cu succes noua setare cu coloanele:

Header is empty for index 
Name -> CC-23
Status -> New
Batch Name -> CDS-b-1
Price -> $200
Card Name -> -
Account Id -> 3338872225
Account Source -> CDS-infarmed
First Last Name -> -
Login -> trafdiacdunecen1985@outlook.com
Password -> CUgqDWvGDA
Proxy -> -
Proxy Type -> -
Account RDP -> identi MLA
Account Owner -> Sergiu Ursu
Domain -> andersonmechanic.com
Farmer -> CDS
Last Update -> 2025-02-18 19:32
Email Login -> -
Email Password -> -
Warming Cost -> 7.66
Monthly Fees -> -
Under Review Reason -> -
Revenue -> -
Profit -> -7.66
Spend -> 7.66
BH Spend -> -
Other Fees -> -
MB Delivery Date -> 2025-02-18 16:49:40
BH Date -> -
Ban Date -> -
Ban Reason -> -
Spend On Ban -> -
Under Review Date -> -
ID Verification -> -
2FA -> Copy
License -> -
GEO -> GR
Usage -> SEARCH
Status Logs -> 18 February - Delivery (Alexandru Iurcu)
Campaigns Spreadsheet -> -
Age -> 7 days
Action -> ]]>
  </system-out>
</testsuite> <!-- com.crm.GoogleAccounts.CreateAndOrderTableSettings -->
