<?xml version="1.0" encoding="UTF-8"?>
<!-- Generated by org.testng.reporters.JUnitReportReporter -->
<testsuite hostname="pop-os" failures="0" tests="1" name="com.crm.GoogleAccounts.Search" time="15.713" errors="0" timestamp="2025-02-25T12:52:03 EET" skipped="0">
  <testcase classname="com.crm.GoogleAccounts.Search" name="signIn" time="15.713"/>
  <system-out>
    <![CDATA[Utilizator victor.cristea@vebo.io s-a logat
Debug Bar a fost ascuns
Utilizatorul a navigat cu succes la pagina - Google accounts - iCRM v.37.83

GoogleAccountUpdatedTestJava
ID Verification
SuperADS
$30
UA-FDT-9 5621, US-FDT-10 5258
2345678901
FJ
FirstNameTestUpdated LastNameTestUpdated
AutomationTestJavaUserUpdated
AutomationTestJavaPassUpdated
93.89.220.67:12323:14acf158ac3e3:1955db5d81
Residential
Download RDP File
Dorin M
spinandgo.net
-
2025-02-25 12:50
AutomationEmail@Login
AutomationEmail@Password
-
-
-
-
-
-
-
1234
2025-02-27 12:00:00
2025-02-02
-
-
-
-
2025-02-27 12:00:00
Copy
AutomationTestLicense
ATGU
DISPLAY
25 February - ID Verification (Victor Cristea), 25 February - Active (Victor Cristea)
-
0 days

Keyword-ul 'GoogleAccountUpdatedTestJava' a fost găsit în prima linie a tabelului.]]>
  </system-out>
</testsuite> <!-- com.crm.GoogleAccounts.Search -->
