<?xml version="1.0" encoding="UTF-8"?>
<!-- Generated by org.testng.reporters.JUnitReportReporter -->
<testsuite hostname="pop-os" failures="0" tests="4" name="com.crm.GoogleAccounts.DownloadCSV" time="71.569" errors="0" timestamp="2025-02-10T12:50:13 EET" skipped="0">
  <testcase classname="com.crm.GoogleAccounts.DownloadCSV" name="signIn" time="17.793"/>
  <system-out>
    <![CDATA[Utilizator edward.s@vebo.io s-a logat
Debug Bar a fost ascuns
Utilizatorul a navigat cu succes la pagina - Google accounts - iCRM v.37.37
A fost descarcat cu success fiserul CSV
]]>
  </system-out>
  <testcase classname="com.crm.GoogleAccounts.DownloadCSV" name="signIn" time="17.892"/>
  <system-out>
    <![CDATA[Utilizator dorin.m@vebo.io s-a logat
Debug Bar a fost ascuns
Utilizatorul a navigat cu succes la pagina - Google accounts - iCRM v.37.37
A fost descarcat cu success fiserul CSV
]]>
  </system-out>
  <testcase classname="com.crm.GoogleAccounts.DownloadCSV" name="signIn" time="17.865"/>
  <system-out>
    <![CDATA[Utilizator andreic@vebo.io s-a logat
Debug Bar a fost ascuns
Utilizatorul a navigat cu succes la pagina - Google accounts - iCRM v.37.37
A fost descarcat cu success fiserul CSV
]]>
  </system-out>
  <testcase classname="com.crm.GoogleAccounts.DownloadCSV" name="signIn" time="18.019"/>
  <system-out>
    <![CDATA[Utilizator victor.cristea@vebo.io s-a logat
Debug Bar a fost ascuns
Utilizatorul a navigat cu succes la pagina - Google accounts - iCRM v.37.37
A fost descarcat cu success fiserul CSV
]]>
  </system-out>
</testsuite> <!-- com.crm.GoogleAccounts.DownloadCSV -->
