<?xml version="1.0" encoding="UTF-8"?>
<!-- Generated by org.testng.reporters.JUnitReportReporter -->
<testsuite hostname="pop-os" failures="0" tests="1" name="com.crm.GoogleAccounts.FindAndDeleteGoogleAccountTest" time="15.222" errors="0" timestamp="2025-02-25T12:52:03 EET" skipped="0">
  <testcase classname="com.crm.GoogleAccounts.FindAndDeleteGoogleAccountTest" name="signIn" time="15.222"/>
  <system-out>
    <![CDATA[Utilizator victor.cristea@vebo.io s-a logat
Debug Bar a fost ascuns
S-a navigat cu succes la pagina - Google accounts - iCRM v.37.83
A fost sters cu succes contul - GoogleAccountNameTestJava]]>
  </system-out>
</testsuite> <!-- com.crm.GoogleAccounts.FindAndDeleteGoogleAccountTest -->
