<?xml version="1.0" encoding="UTF-8"?>
<!-- Generated by org.testng.reporters.JUnitReportReporter -->
<testsuite hostname="pop-os" failures="0" tests="1" name="com.crm.FacebookAccounts.UpdateFacebookAccountTest" time="26.341" errors="0" timestamp="2025-03-19T16:12:38 EET" skipped="0">
  <testcase classname="com.crm.FacebookAccounts.UpdateFacebookAccountTest" name="signIn" time="26.341"/>
  <system-out>
    <![CDATA[Debug Bar a fost ascuns]]>
  </system-out>
</testsuite> <!-- com.crm.FacebookAccounts.UpdateFacebookAccountTest -->
