<?xml version="1.0" encoding="UTF-8"?>
<!-- Generated by org.testng.reporters.JUnitReportReporter -->
<testsuite hostname="pop-os" failures="0" tests="4" name="com.crm.Dashboard.TestDashboardRedirectCard" time="101.423" errors="0" timestamp="2025-01-23T17:21:10 EET" skipped="0">
  <testcase classname="com.crm.Dashboard.TestDashboardRedirectCard" name="signIn" time="26.173"/>
  <system-out>
    <![CDATA[Utilizator victor.cristea@vebo.io - Global Admin s-a logat logat
Click-ul pe 'redirect' a fost efectuat cu succes.
Click-ul pe 'confirm' a fost efectuat cu succes.
Logout-ul a fost efectuat.
Redirect-ul funcționează corect:victor.cristea@vebo.ioa fost redirecționat către pagina Google Accounts.
Redirecționare către dashboard efectuată.
Click-ul pe 'redirect' pentru a il opri, a fost efectuat cu succes.
Click-ul pe 'confirm' pentru a opri redirectul, a fost efectuat cu succes.]]>
  </system-out>
  <testcase classname="com.crm.Dashboard.TestDashboardRedirectCard" name="signIn" time="25.202"/>
  <system-out>
    <![CDATA[Utilizator andreic@vebo.io - Facebook Manager,
Other MB Manager,
Google Mediabuyer,
Warming Cost Watchers s-a logat logat
Click-ul pe 'redirect' a fost efectuat cu succes.
Click-ul pe 'confirm' a fost efectuat cu succes.
Logout-ul a fost efectuat.
Redirect-ul funcționează corect:andreic@vebo.ioa fost redirecționat către pagina Google Accounts.
Redirecționare către dashboard efectuată.
Click-ul pe 'redirect' pentru a il opri, a fost efectuat cu succes.
Click-ul pe 'confirm' pentru a opri redirectul, a fost efectuat cu succes.]]>
  </system-out>
  <testcase classname="com.crm.Dashboard.TestDashboardRedirectCard" name="signIn" time="24.774"/>
  <system-out>
    <![CDATA[Utilizator marcel.g@vebo.io - Farmer s-a logat logat
Click-ul pe 'redirect' a fost efectuat cu succes.
Click-ul pe 'confirm' a fost efectuat cu succes.
Logout-ul a fost efectuat.
Redirect-ul funcționează corect:marcel.g@vebo.ioa fost redirecționat către pagina Google Accounts.
Redirecționare către dashboard efectuată.
Click-ul pe 'redirect' pentru a il opri, a fost efectuat cu succes.
Click-ul pe 'confirm' pentru a opri redirectul, a fost efectuat cu succes.]]>
  </system-out>
  <testcase classname="com.crm.Dashboard.TestDashboardRedirectCard" name="signIn" time="25.274"/>
  <system-out>
    <![CDATA[Utilizator dorin.m@vebo.io - Google Mediabuyer,
Other Mediabuyer,
Warming Cost Watchers,
Google Search Manager s-a logat logat
Click-ul pe 'redirect' a fost efectuat cu succes.
Click-ul pe 'confirm' a fost efectuat cu succes.
Logout-ul a fost efectuat.
Redirect-ul funcționează corect:dorin.m@vebo.ioa fost redirecționat către pagina Google Accounts.
Redirecționare către dashboard efectuată.
Click-ul pe 'redirect' pentru a il opri, a fost efectuat cu succes.
Click-ul pe 'confirm' pentru a opri redirectul, a fost efectuat cu succes.]]>
  </system-out>
</testsuite> <!-- com.crm.Dashboard.TestDashboardRedirectCard -->
