<?xml version="1.0" encoding="UTF-8"?>
<!-- Generated by org.testng.reporters.JUnitReportReporter -->
<testsuite hostname="pop-os" failures="0" tests="1" name="com.crm.GoogleAccounts.Search" time="14.012" errors="0" timestamp="2025-01-24T11:10:52 EET" skipped="0">
  <testcase classname="com.crm.GoogleAccounts.Search" name="signIn" time="14.012"/>
  <system-out>
    <![CDATA[Utilizator victor.cristea@vebo.io s-a logat
Debug Bar a fost ascuns
Utilizatorul a navigat cu succes la pagina - Google accounts - iCRM v.36.68

GoogleAccountUpdatedTestJava
ID Verification
SuperADS
$30
Bryan Marshall 1440, Kate Boyce 2391
2345678901
FJ
FirstNameTestUpdated LastNameTestUpdated
AutomationTestJavaUserUpdated
AutomationTestJavaPassUpdated
21.226.116.124:4444:ProxyAutoUsername:ProxyAutoPass
Residential
Download RDP File
Dorin M
jogosparaamigos.com
-
2025-01-24 11:09
AutomationEmail@Login
AutomationEmail@Password
-
-
-
-
-
-
-
1234
2025-01-18 12:00:00
2025-01-07
-
-
-
2025-01-12 12:00:00
Copy
AutomationTestLicense
ATGU
DISPLAY
24 January - ID Verification (Victor Cristea), 24 January - Active (Victor Cristea)
-
0 days

Keyword-ul 'GoogleAccountUpdatedTestJava' a fost găsit în prima linie a tabelului.]]>
  </system-out>
</testsuite> <!-- com.crm.GoogleAccounts.Search -->
