<?xml version="1.0" encoding="UTF-8"?>
<!-- Generated by org.testng.reporters.JUnitReportReporter -->
<testsuite hostname="pop-os" failures="0" tests="4" name="com.crm.GoogleAccounts.CreateAndOrderTableSettings" time="117.550" errors="0" timestamp="2025-02-10T10:49:54 EET" skipped="0">
  <testcase classname="com.crm.GoogleAccounts.CreateAndOrderTableSettings" name="signIn" time="29.973"/>
  <system-out>
    <![CDATA[Utilizator victor.cristea@vebo.io s-a logat
Debug Bar a fost ascuns
Utilizatorul a navigat cu succes la pagina - Google accounts - iCRM v.37.37
A fost creat cu succes noua setare cu coloanele:

Header is empty for index 
Name -> GUL-AT2100-FRM-167355
Status -> New
Batch Name -> FJ500
Price -> $379
Card Name -> -
Account Id -> 9955720227
Account Source -> FJ
First Last Name -> -
Login -> -
Password -> -
Proxy -> -
Proxy Type -> -
Account RDP -> Download RDP File
Account Owner -> Dorin M
Domain -> paulinesails.com
Farmer -> FJ
Last Update -> 2025-02-05 13:43
Email Login -> -
Email Password -> -
Warming Cost -> 9.2
Monthly Fees -> -
Under Review Reason -> -
Revenue -> -
Profit -> -9.2
Spend -> 9.2
BH Spend -> -
Other Fees -> -
MB Delivery Date -> 2025-02-05 13:43:03
BH Date -> -
Ban Date -> -
Ban Reason -> -
Spend On Ban -> -
Under Review Date -> -
ID Verification -> -
2FA -> Copy
License -> -
GEO -> AT
Usage -> SEARCH
Status Logs -> 05 February - Delivery (Alexandru Iurcu)
Campaigns Spreadsheet -> https://docs.google.com/spreadsheets/d/1IkSAHYrCrOp8BN6oJvuQoagskHqo_yDr99uBA3iqBlA/edit?gid=0#gid=0
Age -> 5 days
Action -> ]]>
  </system-out>
  <testcase classname="com.crm.GoogleAccounts.CreateAndOrderTableSettings" name="signIn" time="29.262"/>
  <system-out>
    <![CDATA[Utilizator dorin.m@vebo.io s-a logat
Debug Bar a fost ascuns
Utilizatorul a navigat cu succes la pagina - Google accounts - iCRM v.37.37
A fost creat cu succes noua setare cu coloanele:

Header is empty for index 
Name -> GUL-AT2100-FRM-167355
Status -> New
Batch Name -> FJ500
Price -> $379
Account Id -> 9955720227
Account Source -> FJ
First Last Name -> -
Login -> -
Password -> -
Account RDP -> Download RDP File
Account Owner -> Dorin M
Domain -> paulinesails.com
Farmer -> FJ
Last Update -> 2025-02-05 13:43
Warming Cost -> 9.2
Monthly Fees -> -
Under Review Reason -> -
Revenue -> -
Profit -> -9.2
Spend -> 9.2
BH Spend -> -
Other Fees -> -
MB Delivery Date -> 2025-02-05 13:43:03
BH Date -> -
Ban Date -> -
Ban Reason -> -
Spend On Ban -> -
Under Review Date -> -
ID Verification -> -
2FA -> Copy
License -> -
GEO -> AT
Usage -> SEARCH
Status Logs -> 05 February - Delivery (Alexandru Iurcu)
Campaigns Spreadsheet -> https://docs.google.com/spreadsheets/d/1IkSAHYrCrOp8BN6oJvuQoagskHqo_yDr99uBA3iqBlA/edit?gid=0#gid=0
Age -> 5 days
Action -> ]]>
  </system-out>
  <testcase classname="com.crm.GoogleAccounts.CreateAndOrderTableSettings" name="signIn" time="29.025"/>
  <system-out>
    <![CDATA[Utilizator andreic@vebo.io s-a logat
Debug Bar a fost ascuns
Utilizatorul a navigat cu succes la pagina - Google accounts - iCRM v.37.37
A fost creat cu succes noua setare cu coloanele:

Header is empty for index 
Name -> GUL-AT2164-FRM-168020
Status -> New
Batch Name -> FJ500
Price -> $379
Account Id -> 4682622825
Account Source -> FJ
First Last Name -> -
Login -> -
Password -> -
Account RDP -> Download RDP File
Account Owner -> Andrei C
Domain -> harrisonwrite.com
Farmer -> FJ
Last Update -> 2025-02-05 13:26
Warming Cost -> 5.83
Monthly Fees -> 149.00
Under Review Reason -> -
Revenue -> -
Profit -> -154.83
Spend -> 5.83
BH Spend -> -
Other Fees -> -
MB Delivery Date -> 2025-02-05 13:26:49
BH Date -> -
Ban Date -> -
Ban Reason -> -
Spend On Ban -> -
Under Review Date -> -
ID Verification -> -
2FA -> Copy
License -> -
GEO -> AT
Usage -> DISPLAY
Status Logs -> 05 February - Delivery (Alexandru Iurcu)
Campaigns Spreadsheet -> https://docs.google.com/spreadsheets/d/1NdbcOxN4EpUCLH28pcbVeahB1eujeByHRwP6CcJnI5c/edit?gid=0#gid=0
Age -> 5 days
Action -> ]]>
  </system-out>
  <testcase classname="com.crm.GoogleAccounts.CreateAndOrderTableSettings" name="signIn" time="29.290"/>
  <system-out>
    <![CDATA[Utilizator edward.s@vebo.io s-a logat
Debug Bar a fost ascuns
Utilizatorul a navigat cu succes la pagina - Google accounts - iCRM v.37.37
A fost creat cu succes noua setare cu coloanele:

Header is empty for index 
Name -> ONP-GDN-1071
Status -> New
Batch Name -> ONP
Price -> $200
Account Id -> 2403438248
Account Source -> ONP-infarmed
First Last Name -> -
Login -> uanirvana34zeal52@gmail.com
Password -> Tixeku8384binup
Account RDP -> OCTO inside
Account Owner -> Edward S
Domain -> ironswomancon.com
Farmer -> ONP-infarmed
Last Update -> 2025-02-05 10:27
Warming Cost -> -
Monthly Fees -> -
Under Review Reason -> -
Revenue -> -
Profit -> -
Spend -> -
BH Spend -> -
Other Fees -> -
MB Delivery Date -> 2025-02-05 10:27:49
BH Date -> -
Ban Date -> -
Ban Reason -> -
Spend On Ban -> -
Under Review Date -> -
ID Verification -> -
2FA -> Copy
License -> -
GEO -> AU
Usage -> SEARCH
Status Logs -> 05 February - Delivery (Alexandru Iurcu)
Campaigns Spreadsheet -> https://docs.google.com/spreadsheets/d/1LPerVZtYX2rpxuOfcBMXJjTZptiNEHHkdYEV3PqnqDs/edit?gid=0#gid=0
Age -> 5 days
Action -> ]]>
  </system-out>
</testsuite> <!-- com.crm.GoogleAccounts.CreateAndOrderTableSettings -->
