<?xml version="1.0" encoding="UTF-8"?>
<!-- Generated by org.testng.reporters.JUnitReportReporter -->
<testsuite hostname="pop-os" failures="0" tests="1" name="com.crm.GoogleAccounts.UpdateGoogleAccount" time="24.000" errors="0" timestamp="2025-01-24T11:10:52 EET" skipped="0">
  <testcase classname="com.crm.GoogleAccounts.UpdateGoogleAccount" name="signIn" time="24.000"/>
  <system-out>
    <![CDATA[Utilizator victor.cristea@vebo.io s-a logat
Debug Bar a fost ascuns
S-a navigat cu succes la pagina - Google accounts - iCRM v.36.68
Header is empty for index 0

Name -> GoogleAccountUpdatedTestJava

Status -> ID Verification

Batch Name -> SuperADS

Price -> $30

Card Name -> Bryan Marshall 1440, Kate Boyce 2391

Account Id -> 2345678901

Account Source -> FJ

First Last Name -> FirstNameTestUpdated LastNameTestUpdated

Source Delivery Date -> 2025-01-24

Login -> AutomationTestJavaUserUpdated

Password -> AutomationTestJavaPassUpdated

Proxy -> 21.226.116.124:4444:ProxyAutoUsername:ProxyAutoPass

Proxy Type -> Residential

Account RDP -> Download RDP File

Account Owner -> Dorin M

Account Domains -> jogosparaamigos.com (-), grokbothub.com (-)

Domain -> jogosparaamigos.com

MB Comments -> 1commentMB / 2commentsMB / 3commentsMB

Farmer -> -

Farmer Comments -> 1comment / 2comments / 3comments

Last Update -> 2025-01-24 11:09

Email Login -> AutomationEmail@Login

Email Password -> AutomationEmail@Password

Warming Cost -> -

Monthly Fees -> -

Revenue -> -

Profit -> -

Spend -> -

BH Spend -> -

Other Fees -> 1234

MB Delivery Date -> 2025-01-18 12:00:00

BH Date -> 2025-01-07

Ban Date -> -

Ban Reason -> -

Under Review Reason -> -

Under Review Date -> -

Created At -> 2025-01-24 11:08:36

ID Verification -> 2025-01-12 12:00:00

2FA -> Copy

License -> AutomationTestLicense

GEO -> ATGU

Usage -> DISPLAY

Status Logs -> 24 January - ID Verification (Victor Cristea), 24 January - Active (Victor Cristea)

Sync From Date -> 2025-01-16

Backup Code -> 7781 2286 7437 6456 9022 9765

Campaigns Spreadsheet -> -

Age -> 0 days

Action -> 

Keyword-ul 'GoogleAccountUpdatedTestJava' a fost găsit în prima linie a tabelului.]]>
  </system-out>
</testsuite> <!-- com.crm.GoogleAccounts.UpdateGoogleAccount -->
