<?xml version="1.0" encoding="UTF-8"?>
<!-- Generated by org.testng.reporters.JUnitReportReporter -->
<testsuite hostname="kali" failures="0" tests="1" name="com.crm.GoogleAccounts.FindAndDeleteGoogleAccountTest" time="20.813" errors="0" timestamp="2025-04-16T15:07:02 EEST" skipped="0">
  <testcase classname="com.crm.GoogleAccounts.FindAndDeleteGoogleAccountTest" name="signIn" time="20.813"/>
  <system-out>
    <![CDATA[Debug Bar a fost ascuns]]>
  </system-out>
</testsuite> <!-- com.crm.GoogleAccounts.FindAndDeleteGoogleAccountTest -->
