<?xml version="1.0" encoding="UTF-8"?>
<!-- Generated by org.testng.reporters.JUnitReportReporter -->
<testsuite hostname="pop-os" failures="0" tests="1" name="com.crm.GoogleAccounts.CreateGoogleAccount" time="22.272" errors="0" timestamp="2025-01-20T16:55:48 EET" skipped="0">
  <testcase classname="com.crm.GoogleAccounts.CreateGoogleAccount" name="signIn" time="22.272"/>
  <system-out>
    <![CDATA[Utilizator victor.cristea@vebo.io s-a logat
Debug Bar a fost ascuns
Utilizatorul a navigat cu succes la pagina - Google accounts - iCRM v.36.66

GoogleAccountNameTestJava
Active
SuperADS
$30
Daviti Kobakhide 91049
1234567890
FJ
FirstNameTest LastNameTest
2025-01-20
AutomationTestJavaUser
AutomationTestJavaPass
21.226.116.124:4444:ProxyAutoUsername:ProxyAutoPass
Residential
Download RDP File
Dorin M
jogosparaamigos.com (-)
jogosparaamigos.com
1commentMB / 2commentsMB / 3commentsMB
-
1comment / 2comments / 3comments
2025-01-20 16:53
AutomationEmail@Login
AutomationEmail@Password
-
-
-
-
-
-
1234
2025-01-01 12:00:00
2025-01-08
-
-
-
-
2025-01-20 16:53:08
2025-01-15 12:00:00
Copy
AutomationTestLicense
ATG
SEARCH
20 January - Active (Victor Cristea)
2025-01-22
7781 2286 7437 6456 9022 9765 6536 1766 4432 2797 3077 2043 6864 9346 0563 6609 9405 0172 7099 1031
-
0 days

Keyword-ul 'GoogleAccountNameTestJava' a fost găsit în prima linie a tabelului.]]>
  </system-out>
</testsuite> <!-- com.crm.GoogleAccounts.CreateGoogleAccount -->
