<?xml version="1.0" encoding="UTF-8"?>
<!-- Generated by org.testng.reporters.JUnitReportReporter -->
<testsuite hostname="pop-os" failures="0" tests="1" name="com.crm.GoogleAccounts.CreateGoogleAccount" time="21.929" errors="0" timestamp="2025-01-15T12:54:56 EET" skipped="0">
  <testcase classname="com.crm.GoogleAccounts.CreateGoogleAccount" name="signIn" time="21.929"/>
  <system-out>
    <![CDATA[Utilizator victor.cristea@vebo.io s-a logat
Debug Bar a fost ascuns
Utilizatorul a navigat cu succes la pagina - Google accounts - iCRM v.36.62

GoogleAccountNameTestJava
Active
SuperADS
$30
Santos Almeida
1234567890
FJ
FirstNameTest LastNameTest
2025-01-15
AutomationTestJavaUser
AutomationTestJavaPass
21.226.116.124:4444:ProxyAutoUsername:ProxyAutoPass
Residential
Download RDP File
Dorin M
jogosparaamigos.com (-)
jogosparaamigos.com
1commentMB / 2commentsMB / 3commentsMB
-
1comment / 2comments / 3comments
2025-01-15 12:54
AutomationEmail@Login
AutomationEmail@Password
-
-
-
-
-
-
1234
2025-01-06 12:00:00
2025-01-14
-
-
-
-
2025-01-15 12:54:10
2025-01-29 12:00:00
Copy
AutomationTestLicense
ATG
SEARCH
15 January - Active (Victor Cristea)
2025-01-30
7781 2286 7437 6456 9022 9765 6536 1766 4432 2797 3077 2043 6864 9346 0563 6609 9405 0172 7099 1031
-
0 days

Keyword-ul 'GoogleAccountNameTestJava' a fost găsit în prima linie a tabelului.]]>
  </system-out>
</testsuite> <!-- com.crm.GoogleAccounts.CreateGoogleAccount -->
