<?xml version="1.0" encoding="UTF-8"?>
<!-- Generated by org.testng.reporters.JUnitReportReporter -->
<testsuite hostname="pop-os" failures="0" tests="1" name="com.crm.test" time="13.549" errors="0" timestamp="2025-01-23T12:21:13 EET" skipped="0">
  <testcase classname="com.crm.test" name="signIn" time="13.549"/>
  <system-out>
    <![CDATA[Utilizator victor.cristea@vebo.io s-a logat
Debug Bar a fost ascuns
Utilizatorul a navigat cu succes la pagina - Google accounts - iCRM v.36.68]]>
  </system-out>
</testsuite> <!-- com.crm.test -->
