<?xml version="1.0" encoding="UTF-8"?>
<!-- Generated by org.testng.reporters.JUnitReportReporter -->
<testsuite hostname="pop-os" failures="0" tests="1" name="com.crm.GoogleAccounts.UpdateGoogleAccount" time="23.709" errors="0" timestamp="2025-01-15T12:54:56 EET" skipped="0">
  <testcase classname="com.crm.GoogleAccounts.UpdateGoogleAccount" name="signIn" time="23.709"/>
  <system-out>
    <![CDATA[Utilizator victor.cristea@vebo.io s-a logat
Debug Bar a fost ascuns
S-a navigat cu succes la pagina - Google accounts - iCRM v.36.62

GoogleAccountUpdatedTestJava
ID Verification
SuperADS
$30
Mandy Klu, Santos Almeida
2345678901
FJ
FirstNameTestUpdated LastNameTestUpdated
2025-01-15
AutomationTestJavaUserUpdated
AutomationTestJavaPassUpdated
21.226.116.124:4444:ProxyAutoUsername:ProxyAutoPass
Residential
Download RDP File
Dorin M
thewavesplayer.co (-), jogosparaamigos.com (-)
thewavesplayer.co
1commentMB / 2commentsMB / 3commentsMB
-
1comment / 2comments / 3comments
2025-01-15 12:54
AutomationEmail@Login
AutomationEmail@Password
-
-
-
-
-
-
1234
2025-01-17 12:00:00
2025-01-14
-
-
-
-
2025-01-15 12:54:10
2025-01-29 12:00:00
Copy
AutomationTestLicense
ATGU
DISPLAY
15 January - ID Verification (Victor Cristea), 15 January - Active (Victor Cristea)
2025-01-26
7781 2286 7437 6456 9022 9765
-
0 days

Keyword-ul 'GoogleAccountUpdatedTestJava' a fost găsit în prima linie a tabelului.]]>
  </system-out>
</testsuite> <!-- com.crm.GoogleAccounts.UpdateGoogleAccount -->
