<?xml version="1.0" encoding="UTF-8"?>
<!-- Generated by org.testng.reporters.JUnitReportReporter -->
<testsuite hostname="pop-os" failures="0" tests="1" name="com.crm.GoogleAccounts.DeleteTableSettings" time="26.445" errors="0" timestamp="2025-01-20T16:55:48 EET" skipped="0">
  <testcase classname="com.crm.GoogleAccounts.DeleteTableSettings" name="signIn" time="26.445"/>
  <system-out>
    <![CDATA[Utilizator victor.cristea@vebo.io s-a logat
Debug Bar a fost ascuns
A fost ștearsă cu succes setarea

 -> 
 -> 
 -> 
 -> 
 -> 
 -> 
 -> 
 -> 
 -> 
 -> 
 -> 
 -> 
 -> 
 -> 
 -> 
 -> 
 -> 
 -> thewavesplayer.co
 -> 1commentMB / 2commentsMB / 3commentsMB
 -> -
 -> 1comment / 2comments / 3comments
 -> 2025-01-20 16:53
 -> AutomationEmail@Login
 -> AutomationEmail@Password
 -> -
 -> -
 -> -
 -> -
 -> -
 -> -
 -> 1234
 -> 2025-01-14 12:00:00
 -> 2025-01-24
 -> -
 -> -
 -> -
 -> -
 -> 2025-01-20 16:53:08
 -> 2025-01-27 12:00:00
 -> Copy
 -> AutomationTestLicense
 -> ATGU
 -> DISPLAY
 -> 20 January - ID Verification (Victor Cristea), 20 January - Active (Victor Cristea)
 -> 2025-01-15
 -> 7781 2286 7437 6456 9022 9765
 -> -
 -> 0 days
 -> ]]>
  </system-out>
</testsuite> <!-- com.crm.GoogleAccounts.DeleteTableSettings -->
