<?xml version="1.0" encoding="UTF-8"?>
<!-- Generated by org.testng.reporters.JUnitReportReporter -->
<testsuite hostname="pop-os" failures="2" tests="19" name="com.crm.ClientTest.SpendAndTotalSpendTest" time="250.316" errors="0" timestamp="2025-01-23T11:08:00 EET" skipped="0">
  <testcase classname="com.crm.ClientTest.SpendAndTotalSpendTest" name="signIn" time="12.733"/>
  <system-out>
    <![CDATA[Utilizator reportnew@vebo.io s-a logat
Debug Bar a fost ascuns
Utilizatorul a navigat cu succes la pagina - Facebook mr campaigns - iCRM v.36.46
Found: Total Spent -> $239,714.91]]>
  </system-out>
  <testcase classname="com.crm.ClientTest.SpendAndTotalSpendTest" name="signIn" time="13.209"/>
  <system-out>
    <![CDATA[Utilizator boomr-client@vebo.io s-a logat
Debug Bar a fost ascuns
Utilizatorul a navigat cu succes la pagina - Boomr campaigns - iCRM v.36.46
Found: Total Spent -> $51,191.86]]>
  </system-out>
  <testcase classname="com.crm.ClientTest.SpendAndTotalSpendTest" name="signIn" time="13.111"/>
  <system-out>
    <![CDATA[Utilizator bbmr-client@vebo.io s-a logat
Debug Bar a fost ascuns
Utilizatorul a navigat cu succes la pagina - Bbmr campaigns - iCRM v.36.46
Found: Total Spent -> $41,119.24]]>
  </system-out>
  <testcase classname="com.crm.ClientTest.SpendAndTotalSpendTest" name="signIn" time="13.561"/>
  <system-out>
    <![CDATA[Utilizator searchmrclient@vebo.io s-a logat
Debug Bar a fost ascuns
Utilizatorul a navigat cu succes la pagina - Google search campaigns - iCRM v.36.46
Found: Total Spent -> $4,757,080.19
Found: Total Spent -> $4,757,080.19]]>
  </system-out>
  <testcase classname="com.crm.ClientTest.SpendAndTotalSpendTest" name="signIn" time="13.752"/>
  <system-out>
    <![CDATA[Utilizator grmrclient@vebo.io s-a logat
Debug Bar a fost ascuns
Utilizatorul a navigat cu succes la pagina - Google gr mr campaigns - iCRM v.36.46
Found: Total Spent -> $201,316.35
Found: Total Spent -> $201,316.35]]>
  </system-out>
  <testcase classname="com.crm.ClientTest.SpendAndTotalSpendTest" name="signIn" time="13.340"/>
  <system-out>
    <![CDATA[Utilizator demandgen@vebo.io s-a logat
Debug Bar a fost ascuns
Utilizatorul a navigat cu succes la pagina - Google dr campaigns - iCRM v.36.46
Found: Total Spent -> $1,155,500.17
Found: Total Spent -> $1,155,500.17]]>
  </system-out>
  <testcase classname="com.crm.ClientTest.SpendAndTotalSpendTest" name="signIn" time="13.116"/>
  <system-out>
    <![CDATA[Utilizator s2bclient@vebo.io s-a logat
Debug Bar a fost ascuns
Utilizatorul a navigat cu succes la pagina - Google s2b campaigns - iCRM v.36.46
Found: Total Spent -> $215,409.74
Found: Total Spent -> $215,409.74]]>
  </system-out>
  <testcase classname="com.crm.ClientTest.SpendAndTotalSpendTest" name="signIn" time="13.230"/>
  <system-out>
    <![CDATA[Utilizator nlmrclient@vebo.io s-a logat
Debug Bar a fost ascuns
Utilizatorul a navigat cu succes la pagina - Google nl mr campaigns - iCRM v.36.46
Found: Total Spent -> $222,088.40
Found: Total Spent -> $222,088.40]]>
  </system-out>
  <testcase classname="com.crm.ClientTest.SpendAndTotalSpendTest" name="signIn" time="12.767">
    <failure message="Value under &#039;Total Spent&#039; should not be empty expected [false] but found [true]" type="java.lang.AssertionError">
      <![CDATA[java.lang.AssertionError: Value under 'Total Spent' should not be empty expected [false] but found [true]
at org.testng.Assert.fail(Assert.java:110)
at org.testng.Assert.failNotEquals(Assert.java:1413)
at org.testng.Assert.assertFalse(Assert.java:78)
at com.crm.ClientTest.SpendAndTotalSpendTest.signIn(SpendAndTotalSpendTest.java:73)
at java.base/jdk.internal.reflect.DirectMethodHandleAccessor.invoke(DirectMethodHandleAccessor.java:103)
at java.base/java.lang.reflect.Method.invoke(Method.java:580)
at org.testng.internal.invokers.MethodInvocationHelper.invokeMethod(MethodInvocationHelper.java:136)
at org.testng.internal.invokers.TestInvoker.invokeMethod(TestInvoker.java:658)
at org.testng.internal.invokers.TestInvoker.invokeTestMethod(TestInvoker.java:219)
at org.testng.internal.invokers.MethodRunner.runInSequence(MethodRunner.java:50)
at org.testng.internal.invokers.TestInvoker$MethodInvocationAgent.invoke(TestInvoker.java:923)
at org.testng.internal.invokers.TestInvoker.invokeTestMethods(TestInvoker.java:192)
at org.testng.internal.invokers.TestMethodWorker.invokeTestMethods(TestMethodWorker.java:146)
at org.testng.internal.invokers.TestMethodWorker.run(TestMethodWorker.java:128)
at java.base/java.util.ArrayList.forEach(ArrayList.java:1596)
at org.testng.TestRunner.privateRun(TestRunner.java:808)
at org.testng.TestRunner.run(TestRunner.java:603)
at org.testng.SuiteRunner.runTest(SuiteRunner.java:429)
at org.testng.SuiteRunner.runSequentially(SuiteRunner.java:423)
at org.testng.SuiteRunner.privateRun(SuiteRunner.java:383)
at org.testng.SuiteRunner.run(SuiteRunner.java:326)
at org.testng.SuiteRunnerWorker.runSuite(SuiteRunnerWorker.java:52)
at org.testng.SuiteRunnerWorker.run(SuiteRunnerWorker.java:95)
at org.testng.TestNG.runSuitesSequentially(TestNG.java:1249)
at org.testng.TestNG.runSuitesLocally(TestNG.java:1169)
at org.testng.TestNG.runSuites(TestNG.java:1092)
at org.testng.TestNG.run(TestNG.java:1060)
at org.apache.maven.surefire.testng.TestNGExecutor.run(TestNGExecutor.java:284)
at org.apache.maven.surefire.testng.TestNGXmlTestSuite.execute(TestNGXmlTestSuite.java:75)
at org.apache.maven.surefire.testng.TestNGProvider.invoke(TestNGProvider.java:119)
at org.apache.maven.surefire.booter.ForkedBooter.runSuitesInProcess(ForkedBooter.java:428)
at org.apache.maven.surefire.booter.ForkedBooter.execute(ForkedBooter.java:162)
at org.apache.maven.surefire.booter.ForkedBooter.run(ForkedBooter.java:562)
at org.apache.maven.surefire.booter.ForkedBooter.main(ForkedBooter.java:548)
]]>
    </failure>
  </testcase> <!-- signIn -->
  <system-out>
    <![CDATA[Utilizator demrclient@vebo.io s-a logat
Debug Bar a fost ascuns
Utilizatorul a navigat cu succes la pagina - Google de mr campaigns - iCRM v.36.46
Found: Total Spent -> ]]>
  </system-out>
  <testcase classname="com.crm.ClientTest.SpendAndTotalSpendTest" name="signIn" time="13.264"/>
  <system-out>
    <![CDATA[Utilizator atmrclient@vebo.io s-a logat
Debug Bar a fost ascuns
Utilizatorul a navigat cu succes la pagina - Google at mr campaigns - iCRM v.36.46
Found: Total Spent -> $37,899.55
Found: Total Spent -> $37,899.55]]>
  </system-out>
  <testcase classname="com.crm.ClientTest.SpendAndTotalSpendTest" name="signIn" time="13.110"/>
  <system-out>
    <![CDATA[Utilizator fpmr-client@vebo.io s-a logat
Debug Bar a fost ascuns
Utilizatorul a navigat cu succes la pagina - Fpmf campaigns - iCRM v.36.46
Found: Total Spent -> $61,415.28]]>
  </system-out>
  <testcase classname="com.crm.ClientTest.SpendAndTotalSpendTest" name="signIn" time="12.705"/>
  <system-out>
    <![CDATA[Utilizator fbclient@vebo.io s-a logat
Debug Bar a fost ascuns
Utilizatorul a navigat cu succes la pagina - Facebook mr campaigns - iCRM v.36.46
Found: Total Spent -> $239,714.91]]>
  </system-out>
  <testcase classname="com.crm.ClientTest.SpendAndTotalSpendTest" name="signIn" time="13.093"/>
  <system-out>
    <![CDATA[Utilizator dlpmrclient@vebo.io s-a logat
Debug Bar a fost ascuns
Utilizatorul a navigat cu succes la pagina - Facebook dlpmr campaigns - iCRM v.36.46
Found: Total Spent -> $98,699.55]]>
  </system-out>
  <testcase classname="com.crm.ClientTest.SpendAndTotalSpendTest" name="signIn" time="13.203"/>
  <system-out>
    <![CDATA[Utilizator bdgmr-client@vebo.io s-a logat
Debug Bar a fost ascuns
Utilizatorul a navigat cu succes la pagina - Bdgmr campaigns - iCRM v.36.46
Found: Total Spent -> $57,719.76]]>
  </system-out>
  <testcase classname="com.crm.ClientTest.SpendAndTotalSpendTest" name="signIn" time="14.056"/>
  <system-out>
    <![CDATA[Utilizator kngmr@vebo.io s-a logat
Debug Bar a fost ascuns
Utilizatorul a navigat cu succes la pagina - Kfb campaigns - iCRM v.36.46
Found: Total Spent -> $137,200.23]]>
  </system-out>
  <testcase classname="com.crm.ClientTest.SpendAndTotalSpendTest" name="signIn" time="12.806">
    <failure message="&#039;Total Spent&#039; header was not found in the table expected [true] but found [false]" type="java.lang.AssertionError">
      <![CDATA[java.lang.AssertionError: 'Total Spent' header was not found in the table expected [true] but found [false]
at org.testng.Assert.fail(Assert.java:110)
at org.testng.Assert.failNotEquals(Assert.java:1413)
at org.testng.Assert.assertTrue(Assert.java:56)
at com.crm.ClientTest.SpendAndTotalSpendTest.signIn(SpendAndTotalSpendTest.java:81)
at java.base/jdk.internal.reflect.DirectMethodHandleAccessor.invoke(DirectMethodHandleAccessor.java:103)
at java.base/java.lang.reflect.Method.invoke(Method.java:580)
at org.testng.internal.invokers.MethodInvocationHelper.invokeMethod(MethodInvocationHelper.java:136)
at org.testng.internal.invokers.TestInvoker.invokeMethod(TestInvoker.java:658)
at org.testng.internal.invokers.TestInvoker.invokeTestMethod(TestInvoker.java:219)
at org.testng.internal.invokers.MethodRunner.runInSequence(MethodRunner.java:50)
at org.testng.internal.invokers.TestInvoker$MethodInvocationAgent.invoke(TestInvoker.java:923)
at org.testng.internal.invokers.TestInvoker.invokeTestMethods(TestInvoker.java:192)
at org.testng.internal.invokers.TestMethodWorker.invokeTestMethods(TestMethodWorker.java:146)
at org.testng.internal.invokers.TestMethodWorker.run(TestMethodWorker.java:128)
at java.base/java.util.ArrayList.forEach(ArrayList.java:1596)
at org.testng.TestRunner.privateRun(TestRunner.java:808)
at org.testng.TestRunner.run(TestRunner.java:603)
at org.testng.SuiteRunner.runTest(SuiteRunner.java:429)
at org.testng.SuiteRunner.runSequentially(SuiteRunner.java:423)
at org.testng.SuiteRunner.privateRun(SuiteRunner.java:383)
at org.testng.SuiteRunner.run(SuiteRunner.java:326)
at org.testng.SuiteRunnerWorker.runSuite(SuiteRunnerWorker.java:52)
at org.testng.SuiteRunnerWorker.run(SuiteRunnerWorker.java:95)
at org.testng.TestNG.runSuitesSequentially(TestNG.java:1249)
at org.testng.TestNG.runSuitesLocally(TestNG.java:1169)
at org.testng.TestNG.runSuites(TestNG.java:1092)
at org.testng.TestNG.run(TestNG.java:1060)
at org.apache.maven.surefire.testng.TestNGExecutor.run(TestNGExecutor.java:284)
at org.apache.maven.surefire.testng.TestNGXmlTestSuite.execute(TestNGXmlTestSuite.java:75)
at org.apache.maven.surefire.testng.TestNGProvider.invoke(TestNGProvider.java:119)
at org.apache.maven.surefire.booter.ForkedBooter.runSuitesInProcess(ForkedBooter.java:428)
at org.apache.maven.surefire.booter.ForkedBooter.execute(ForkedBooter.java:162)
at org.apache.maven.surefire.booter.ForkedBooter.run(ForkedBooter.java:562)
at org.apache.maven.surefire.booter.ForkedBooter.main(ForkedBooter.java:548)
]]>
    </failure>
  </testcase> <!-- signIn -->
  <system-out>
    <![CDATA[Utilizator bodmrclient@vebo.io s-a logat
Debug Bar a fost ascuns
Utilizatorul a navigat cu succes la pagina - Bodmr2 campaigns - iCRM v.36.46]]>
  </system-out>
  <testcase classname="com.crm.ClientTest.SpendAndTotalSpendTest" name="signIn" time="13.075"/>
  <system-out>
    <![CDATA[Utilizator spmrclient@vebo.io s-a logat
Debug Bar a fost ascuns
Utilizatorul a navigat cu succes la pagina - Google sp mr campaigns - iCRM v.36.46
Found: Total Spent -> $17,289.93
Found: Total Spent -> $17,289.93]]>
  </system-out>
  <testcase classname="com.crm.ClientTest.SpendAndTotalSpendTest" name="signIn" time="13.585"/>
  <system-out>
    <![CDATA[Utilizator itmrclient@vebo.io s-a logat
Debug Bar a fost ascuns
Utilizatorul a navigat cu succes la pagina - Google it mr campaigns - iCRM v.36.46
Found: Total Spent -> $1,264,938.11
Found: Total Spent -> $1,264,938.11]]>
  </system-out>
  <testcase classname="com.crm.ClientTest.SpendAndTotalSpendTest" name="signIn" time="12.600"/>
  <system-out>
    <![CDATA[Utilizator chmrclient@vebo.io s-a logat
Debug Bar a fost ascuns
Utilizatorul a navigat cu succes la pagina - Google ch mr campaigns - iCRM v.36.46
Found: Total Spent -> $35,095.28
Found: Total Spent -> $35,095.28]]>
  </system-out>
</testsuite> <!-- com.crm.ClientTest.SpendAndTotalSpendTest -->
