<?xml version="1.0" encoding="UTF-8"?>
<!-- Generated by org.testng.reporters.JUnitReportReporter -->
<testsuite hostname="pop-os" failures="0" tests="1" name="com.crm.GoogleAccounts.CreateAndOrderTableSettings" time="29.172" errors="0" timestamp="2025-01-20T16:55:48 EET" skipped="0">
  <testcase classname="com.crm.GoogleAccounts.CreateAndOrderTableSettings" name="signIn" time="29.172"/>
  <system-out>
    <![CDATA[Utilizator victor.cristea@vebo.io s-a logat
Debug Bar a fost ascuns
Utilizatorul a navigat cu succes la pagina - Google accounts - iCRM v.36.66
A fost creat cu succes noua setare cu coloanele:

 -> 
Name -> GoogleAccountUpdatedTestJava
Status -> ID Verification
Batch Name -> SuperADS
Price -> $30
Card Name -> Daviti Kobakhide 117753, Daviti Kobakhide 91049
Account Id -> 2345678901
Account Source -> FJ
First Last Name -> FirstNameTestUpdated LastNameTestUpdated
Login -> AutomationTestJavaUserUpdated
 -> AutomationTestJavaPassUpdated
 -> 21.226.116.124:4444:ProxyAutoUsername:ProxyAutoPass
 -> Residential
 -> Download RDP File
 -> Dorin M
 -> thewavesplayer.co
 -> -
 -> 2025-01-20 16:53
 -> AutomationEmail@Login
 -> AutomationEmail@Password
 -> -
 -> -
 -> -
 -> -
 -> -
 -> -
 -> -
 -> 1234
 -> 2025-01-14 12:00:00
 -> 2025-01-24
 -> -
 -> -
 -> -
 -> 2025-01-27 12:00:00
 -> Copy
 -> AutomationTestLicense
 -> ATGU
 -> DISPLAY
 -> 20 January - ID Verification (Victor Cristea), 20 January - Active (Victor Cristea)
 -> -
 -> 0 days
 -> ]]>
  </system-out>
</testsuite> <!-- com.crm.GoogleAccounts.CreateAndOrderTableSettings -->
