<?xml version="1.0" encoding="UTF-8"?>
<!-- Generated by org.testng.reporters.JUnitReportReporter -->
<testsuite hostname="pop-os" failures="0" tests="1" name="com.crm.GoogleAccounts.Search" time="13.277" errors="0" timestamp="2025-01-20T16:55:48 EET" skipped="0">
  <testcase classname="com.crm.GoogleAccounts.Search" name="signIn" time="13.277"/>
  <system-out>
    <![CDATA[Utilizator victor.cristea@vebo.io s-a logat
Debug Bar a fost ascuns
Utilizatorul a navigat cu succes la pagina - Google accounts - iCRM v.36.66

GoogleAccountUpdatedTestJava
ID Verification
SuperADS
$30
Daviti Kobakhide 117753, Daviti Kobakhide 91049
2345678901
FJ
FirstNameTestUpdated LastNameTestUpdated
AutomationTestJavaUserUpdated
AutomationTestJavaPassUpdated
21.226.116.124:4444:ProxyAutoUsername:ProxyAutoPass
Residential
Download RDP File
Dorin M
thewavesplayer.co
-
2025-01-20 16:53
AutomationEmail@Login
AutomationEmail@Password
-
-
-
-
-
-
-
1234
2025-01-14 12:00:00
2025-01-24
-
-
-
2025-01-27 12:00:00
Copy
AutomationTestLicense
ATGU
DISPLAY
20 January - ID Verification (Victor Cristea), 20 January - Active (Victor Cristea)
-
0 days

Keyword-ul 'GoogleAccountUpdatedTestJava' a fost găsit în prima linie a tabelului.]]>
  </system-out>
</testsuite> <!-- com.crm.GoogleAccounts.Search -->
